Log file open, 04/28/19 20:06:05
LogWindows: Failed to load 'aqProf.dll' (GetLastError=126)
LogWindows: File 'aqProf.dll' does not exist
LogWindows: Failed to load 'VSPerf140.dll' (GetLastError=126)
LogWindows: File 'VSPerf140.dll' does not exist
LogWindows: Failed to load 'VtuneApi.dll' (GetLastError=126)
LogWindows: File 'VtuneApi.dll' does not exist
LogWindows: Failed to load 'VtuneApi32e.dll' (GetLastError=126)
LogWindows: File 'VtuneApi32e.dll' does not exist
LogInit: Display: Running engine for game: AOC
LogPlatformFile: Not using cached read wrapper
LogInit: Display: RandInit(1716081069) SRandInit(1716081069).
LogTaskGraph: Started task graph with 5 named threads and 14 total threads with 3 sets of task threads.
LogStats: Stats thread started at 1.211314
LogD3D11RHI: Aftermath initialized
LogPluginManager: Mounting plugin Paper2D
LogPluginManager: Mounting plugin LightPropagationVolume
LogPluginManager: Mounting plugin CodeLiteSourceCodeAccess
LogPluginManager: Mounting plugin GitSourceControl
LogPluginManager: Mounting plugin KDevelopSourceCodeAccess
LogPluginManager: Mounting plugin NullSourceCodeAccess
LogPluginManager: Mounting plugin PerforceSourceControl
LogPluginManager: Mounting plugin SubversionSourceControl
LogPluginManager: Mounting plugin UObjectPlugin
LogPluginManager: Mounting plugin VisualStudioSourceCodeAccess
LogPluginManager: Mounting plugin XCodeSourceCodeAccess
LogPluginManager: Mounting plugin AssetManagerEditor
LogPluginManager: Mounting plugin AudioCapture
LogPluginManager: Mounting plugin FacialAnimation
LogPluginManager: Mounting plugin GameplayTagsEditor
LogPluginManager: Mounting plugin MobileLauncherProfileWizard
LogPluginManager: Mounting plugin PluginBrowser
LogPluginManager: Mounting plugin SpeedTreeImporter
LogPluginManager: Mounting plugin AlembicImporter
LogPluginManager: Mounting plugin CharacterAI
LogPluginManager: Mounting plugin HTML5Networking
LogPluginManager: Mounting plugin AndroidMedia
LogPluginManager: Mounting plugin AvfMedia
LogPluginManager: Mounting plugin MediaPlayerEditor
LogPluginManager: Mounting plugin WmfMedia
LogPluginManager: Mounting plugin TcpMessaging
LogPluginManager: Mounting plugin UdpMessaging
LogPluginManager: Mounting plugin LevelSequenceEditor
LogPluginManager: Mounting plugin MatineeToLevelSequence
LogPluginManager: Mounting plugin OnlineSubsystemGooglePlay
LogPluginManager: Mounting plugin OnlineSubsystemIOS
LogPluginManager: Mounting plugin OnlineSubsystem
LogPluginManager: Mounting plugin OnlineSubsystemNull
LogPluginManager: Mounting plugin OnlineSubsystemUtils
LogPluginManager: Mounting plugin AndroidDeviceProfileSelector
LogPluginManager: Mounting plugin AndroidMoviePlayer
LogPluginManager: Mounting plugin AndroidPermission
LogPluginManager: Mounting plugin AppleMoviePlayer
LogPluginManager: Mounting plugin ArchVisCharacter
LogPluginManager: Mounting plugin CableComponent
LogPluginManager: Mounting plugin CustomMeshComponent
LogPluginManager: Mounting plugin ExampleDeviceProfileSelector
LogPluginManager: Mounting plugin GoogleCloudMessaging
LogPluginManager: Mounting plugin ImmediatePhysics
LogPluginManager: Mounting plugin IOSDeviceProfileSelector
LogPluginManager: Mounting plugin LinuxDeviceProfileSelector
LogPluginManager: Mounting plugin LocationServicesBPLibrary
LogPluginManager: Mounting plugin MobilePatchingUtils
LogPluginManager: Mounting plugin OculusVR
LogPluginManager: Mounting plugin PhysXVehicles
LogPluginManager: Mounting plugin ProceduralMeshComponent
LogPluginManager: Mounting plugin RuntimePhysXCooking
LogPluginManager: Mounting plugin SteamVR
LogPluginManager: Mounting plugin WindowsMoviePlayer
LogInit: Using libcurl 7.47.1
LogInit:  - built for x86_64-pc-win32
LogInit:  - supports SSL with OpenSSL/1.0.2g
LogInit:  - supports HTTP deflate (compression) using libz 1.2.8
LogInit:  - other features:
LogInit:      CURL_VERSION_SSL
LogInit:      CURL_VERSION_LIBZ
LogInit:      CURL_VERSION_IPV6
LogInit:      CURL_VERSION_ASYNCHDNS
LogInit:      CURL_VERSION_LARGEFILE
LogInit:      CURL_VERSION_IDN
LogInit:  CurlRequestOptions (configurable via config and command line):
LogInit:  - bVerifyPeer = false  - Libcurl will NOT verify peer certificate
LogInit:  - bUseHttpProxy = false  - Libcurl will NOT use HTTP proxy
LogInit:  - bDontReuseConnections = false  - Libcurl will reuse connections
LogInit:  - CertBundlePath = nullptr  - Libcurl will use whatever was configured at build time.
LogInit: Build: ++UE4+Release-4.17-CL-3658906
LogInit: Engine Version: 4.17.2-3658906+++UE4+Release-4.17
LogInit: Compatible Engine Version: 4.17.0-3573198+++UE4+Release-4.17
LogInit: Net CL: 3573198
LogDevObjectVersion: Number of dev versions registered: 16
LogDevObjectVersion:   Dev-Blueprints (B0D832E4-1F89-4F0D-ACCF-7EB736FD4AA2): 10
LogDevObjectVersion:   Dev-Build (E1C64328-A22C-4D53-A36C-8E866417BD8C): 0
LogDevObjectVersion:   Dev-Core (375EC13C-06E4-48FB-B500-84F0262A717E): 2
LogDevObjectVersion:   Dev-Editor (E4B068ED-F494-42E9-A231-DA0B2E46BB41): 20
LogDevObjectVersion:   Dev-Framework (CFFC743F-43B0-4480-9391-14DF171D2073): 28
LogDevObjectVersion:   Dev-Mobile (B02B49B5-BB20-44E9-A304-32B752E40360): 0
LogDevObjectVersion:   Dev-Networking (A4E4105C-59A1-49B5-A7C5-40C4547EDFEE): 0
LogDevObjectVersion:   Dev-Online (39C831C9-5AE6-47DC-9A44-9C173E1C8E7C): 0
LogDevObjectVersion:   Dev-Physics (78F01B33-EBEA-4F98-B9B4-84EACCB95AA2): 0
LogDevObjectVersion:   Dev-Platform (6631380F-2D4D-43E0-8009-CF276956A95A): 0
LogDevObjectVersion:   Dev-Rendering (12F88B9F-8875-4AFC-A67C-D90C383ABD29): 19
LogDevObjectVersion:   Dev-Sequencer (7B5AE74C-D270-4C10-A958-57980B212A5A): 4
LogDevObjectVersion:   Dev-VR (D7296918-1DD6-4BDD-9DE2-64A83CC13884): 0
LogDevObjectVersion:   Dev-LoadTimes (C2A15278-BFE7-4AFE-6C17-90FF531DF755): 1
LogDevObjectVersion:   Private-Geometry (6EACA3D4-40EC-4CC1-B786-8BED09428FC5): 1
LogDevObjectVersion:   Dev-AnimPhys (29E575DD-E0A3-4627-9D10-D276232CDCEA): 7
LogInit: Compiled (64-bit): Sep 22 2017 13:49:34
LogInit: Compiled with Visual C++: 19.00.24215.01
LogInit: Build Configuration: Development
LogInit: Branch Name: ++UE4+Release-4.17
LogInit: Command line:  
LogInit: Base directory: D:/Documents/Big_Chief_Gaming/Adventures_Of_Cletus/AoC/AOC/Saved/AOC_Prototype/WindowsNoEditor/Engine/Binaries/Win64/
LogInit: Installed Engine Build: 1
LogInit: Presizing for max 2097152 objects, including 0 objects not considered by GC, pre-allocating 0 bytes for permanent pool.
LogStreaming: Display: Async Loading initialized: Event Driven Loader: true, Async Loading Thread: false
LogInit: Object subsystem initialized
[2019.04.29-01.06.05:949][  0]LogInit: Selected Device Profile: [WindowsNoEditor]
[2019.04.29-01.06.05:956][  0]LogInit: Applying CVar settings loaded from the selected device profile: [WindowsNoEditor]
[2019.04.29-01.06.06:024][  0]LogInit: Computer: DESKTOP-BOG4T22
[2019.04.29-01.06.06:024][  0]LogInit: User: CalebWhite
[2019.04.29-01.06.06:024][  0]LogInit: CPU Page size=4096, Cores=4
[2019.04.29-01.06.06:024][  0]LogInit: High frequency timer resolution =3.906250 MHz
[2019.04.29-01.06.06:024][  0]LogMemory: Memory total: Physical=32.0GB (32GB approx)
[2019.04.29-01.06.06:024][  0]LogMemory: Platform Memory Stats for WindowsNoEditor
[2019.04.29-01.06.06:024][  0]LogMemory: Process Physical Memory: 97.71 MB used, 97.71 MB peak
[2019.04.29-01.06.06:024][  0]LogMemory: Process Virtual Memory: 112.30 MB used, 112.30 MB peak
[2019.04.29-01.06.06:024][  0]LogMemory: Physical Memory: 6363.76 MB used,  26355.93 MB free, 32719.70 MB total
[2019.04.29-01.06.06:024][  0]LogMemory: Virtual Memory: 4480.14 MB used,  26355.93 MB free, 134217728.00 MB total
[2019.04.29-01.06.06:715][  0]LogInit: Using OS detected language (en-US).
[2019.04.29-01.06.06:715][  0]LogInit: Using OS detected locale (en-US).
[2019.04.29-01.06.06:715][  0]LogTextLocalizationManager: No specific localization for 'en-US' exists, so the 'en' localization will be used.
[2019.04.29-01.06.07:088][  0]LogD3D11RHI: D3D11 adapters:
[2019.04.29-01.06.07:210][  0]LogD3D11RHI:    0. 'NVIDIA GeForce GTX 1060 3GB' (Feature Level 11_0)
[2019.04.29-01.06.07:211][  0]LogD3D11RHI:       2988/0/16359 MB DedicatedVideo/DedicatedSystem/SharedSystem, Outputs:1, VendorId:0x10de
[2019.04.29-01.06.07:214][  0]LogD3D11RHI:    1. 'Microsoft Basic Render Driver' (Feature Level 11_0)
[2019.04.29-01.06.07:214][  0]LogD3D11RHI:       0/0/16359 MB DedicatedVideo/DedicatedSystem/SharedSystem, Outputs:0, VendorId:0x1414
[2019.04.29-01.06.07:214][  0]LogD3D11RHI: Chosen D3D11 Adapter: 0
[2019.04.29-01.06.07:233][  0]LogD3D11RHI: Creating new Direct3DDevice
[2019.04.29-01.06.07:233][  0]LogD3D11RHI:     GPU DeviceId: 0x1c02 (for the marketing name, search the web for "GPU Device Id")
[2019.04.29-01.06.07:233][  0]LogWindows: EnumDisplayDevices:
[2019.04.29-01.06.07:233][  0]LogWindows:    0. 'NVIDIA GeForce GTX 1060 3GB' (P:1 D:1)
[2019.04.29-01.06.07:234][  0]LogWindows:    1. 'NVIDIA GeForce GTX 1060 3GB' (P:0 D:0)
[2019.04.29-01.06.07:234][  0]LogWindows:    2. 'NVIDIA GeForce GTX 1060 3GB' (P:0 D:0)
[2019.04.29-01.06.07:234][  0]LogWindows:    3. 'NVIDIA GeForce GTX 1060 3GB' (P:0 D:0)
[2019.04.29-01.06.07:234][  0]LogWindows: DebugString: GetVideoDriverDetailsInvalid PrimaryIsNotTheChoosenAdapter GetVideoDriverDetailsInvalid PrimaryIsNotTheChoosenAdapter GetVideoDriverDetailsInvalid PrimaryIsNotTheChoosenAdapter GetVideoDriverDetailsInvalid PrimaryIsNotTheChoosenAdapter FoundDriverCount:0 
[2019.04.29-01.06.07:235][  0]LogD3D11RHI:     Adapter Name: NVIDIA GeForce GTX 1060 3GB
[2019.04.29-01.06.07:235][  0]LogD3D11RHI:   Driver Version: Unknown (internal:Unknown, unified:Unknown)
[2019.04.29-01.06.07:235][  0]LogD3D11RHI:      Driver Date: Unknown
[2019.04.29-01.06.07:235][  0]LogRHI: Texture pool is 1361 MB (70% of 1945 MB)
[2019.04.29-01.06.07:291][  0]LogD3D11RHI: Async texture creation enabled
[2019.04.29-01.06.07:416][  0]LogD3D11RHI: GPU Timing Frequency: 1000.000000 (Debug: 2 1)
[2019.04.29-01.06.07:633][  0]LogMaterial: Verifying Global Shaders for PCD3D_SM5
[2019.04.29-01.06.07:675][  0]LogSlate: Using Freetype 2.6.0
[2019.04.29-01.06.07:733][  0]LogSlate: SlateFontCache - WITH_FREETYPE: 1, WITH_HARFBUZZ: 1
[2019.04.29-01.06.07:734][  0]LogSlate: SlateFontCache - WITH_FREETYPE: 1, WITH_HARFBUZZ: 1
[2019.04.29-01.06.08:778][  0]LogAssetRegistry: FAssetRegistry took 0.0878 seconds to start up
[2019.04.29-01.06.09:172][  0]LogPackageLocalizationCache: Processed 5 localized package path(s) for 2 prioritized culture(s) in 0.016052 seconds
[2019.04.29-01.06.09:192][  0]LogInit: Selected Device Profile: [WindowsNoEditor]
[2019.04.29-01.06.09:209][  0]LogContentStreaming: Texture pool size is 1000.00 MB
[2019.04.29-01.06.09:614][  0]LogNetVersion: AOC , NetCL: 3573198, EngineNetVer: 2, GameNetVer: 0 (Checksum: 2845504187)
[2019.04.29-01.06.10:143][  0]LogInit: WinSock: version 1.1 (2.2), MaxSocks=32767, MaxUdp=65467
[2019.04.29-01.06.10:244][  0]LogMoviePlayer: Initializing movie player
[2019.04.29-01.06.10:453][  0]LogAndroidPermission: UAndroidPermissionCallbackProxy::GetInstance
[2019.04.29-01.06.10:454][  0]LogOcInput: OculusInput pre-init called
[2019.04.29-01.06.10:458][  0]LogUObjectArray: 30841 objects as part of root set at end of initial load.
[2019.04.29-01.06.10:458][  0]LogUObjectAllocator: 6112624 out of 0 bytes used by permanent object pool.
[2019.04.29-01.06.10:458][  0]LogUObjectArray: CloseDisregardForGC: 0/0 objects in disregard for GC pool
[2019.04.29-01.06.10:477][  0]LogEngine: Initializing Engine...
[2019.04.29-01.06.10:493][  0]LogHMD: Failed to initialize OpenVR with code 110
[2019.04.29-01.06.11:039][  0]LogStats: UGameplayTagsManager::ConstructGameplayTagTree: Construct from data asset -  0.000 s
[2019.04.29-01.06.11:039][  0]LogStats: UGameplayTagsManager::ConstructGameplayTagTree: GameplayTagTreeChangedEvent.Broadcast -  0.000 s
[2019.04.29-01.06.11:124][  0]LogInit: XAudio2 using 'Speakers (2- USB Audio Device)' : 2 channels at 48 kHz using 16 bits per sample (channel mask 0x3)
[2019.04.29-01.06.11:237][  0]LogInit: FAudioDevice initialized.
[2019.04.29-01.06.11:249][  0]LogInit: Texture streaming: Enabled
[2019.04.29-01.06.11:480][  0]LogInit: Display: Game Engine Initialized.
[2019.04.29-01.06.11:481][  0]LogGameplayTags: Display: UGameplayTagsManager::DoneAddingNativeTags. DelegateIsBound: 0
[2019.04.29-01.06.11:542][  0]LogInit: Display: Starting Game.
[2019.04.29-01.06.11:542][  0]LogNet: Browse: /Game/2DSideScrollerBP/Maps/2DSideScrollerExampleMap?Name=Player
[2019.04.29-01.06.11:542][  0]LogLoad: LoadMap: /Game/2DSideScrollerBP/Maps/2DSideScrollerExampleMap?Name=Player
[2019.04.29-01.06.11:617][  0]LogMemory: Platform Memory Stats for WindowsNoEditor
[2019.04.29-01.06.11:617][  0]LogMemory: Process Physical Memory: 226.39 MB used, 273.13 MB peak
[2019.04.29-01.06.11:617][  0]LogMemory: Process Virtual Memory: 341.48 MB used, 364.50 MB peak
[2019.04.29-01.06.11:617][  0]LogMemory: Physical Memory: 6495.79 MB used,  26223.90 MB free, 32719.70 MB total
[2019.04.29-01.06.11:617][  0]LogMemory: Virtual Memory: 4949.79 MB used,  26223.90 MB free, 134217728.00 MB total
[2019.04.29-01.06.11:617][  0]LogMemory: 
[2019.04.29-01.06.11:617][  0]FMallocBinned2 Mem report
[2019.04.29-01.06.11:617][  0]Small Pool
[2019.04.29-01.06.11:617][  0]Requested Allocations: 23.866135mb  (including block size padding)
[2019.04.29-01.06.11:617][  0]OS Allocated: 27.312500mb
[2019.04.29-01.06.11:617][  0]Large Pool
[2019.04.29-01.06.11:617][  0]Requested Allocations: 66.946884mb
[2019.04.29-01.06.11:617][  0]OS Allocated: 67.500000mb
[2019.04.29-01.06.11:617][  0]OS Page Allocator
[2019.04.29-01.06.11:617][  0]Cached free pages: 0.000000mb
[2019.04.29-01.06.12:761][  0]LogAIModule: Creating AISystem for world 2DSideScrollerExampleMap
[2019.04.29-01.06.12:775][  0]LogLoad: Game class is 'Custom2DSideScrollerGameMode_C'
[2019.04.29-01.06.12:875][  0]LogWorld: Bringing World /Game/2DSideScrollerBP/Maps/2DSideScrollerExampleMap.2DSideScrollerExampleMap up for play (max tick rate 0) at 2019.04.28-20.06.12
[2019.04.29-01.06.12:877][  0]LogWorld: Bringing up level for play took: 0.098430
[2019.04.29-01.06.12:930][  0]LogSpawn: Warning: SpawnActor failed because no class was specified
[2019.04.29-01.06.12:942][  0]LogUMG: Display: Widget Class Hud_C - Loaded Fast Template.
[2019.04.29-01.06.13:017][  0]LogSpawn: Warning: SpawnActor failed because no class was specified
[2019.04.29-01.06.13:018][  0]LogSpawn: Warning: SpawnActor failed because no class was specified
[2019.04.29-01.06.13:020][  0]LogSpawn: Warning: SpawnActor failed because no class was specified
[2019.04.29-01.06.13:048][  0]LogLoad: Took 1.505801 seconds to LoadMap(/Game/2DSideScrollerBP/Maps/2DSideScrollerExampleMap)
[2019.04.29-01.06.13:099][  0]LogSlate: Took 0.023212 seconds to synchronously load lazily loaded font '../../../Engine/Content/EngineFonts/Faces/RobotoBold.ufont' (160K)
[2019.04.29-01.06.13:199][  0]LogLoad: (Engine Initialization) Total time: 9.80 seconds
[2019.04.29-01.06.13:199][  0]LogExternalProfiler: No external profilers were discovered.  External profiling features will not be available.
[2019.04.29-01.06.13:216][  0]LogWindowsTextInputMethodSystem: Display: IME system now deactivated.
[2019.04.29-01.06.13:251][  2]LogRenderer: Reallocating scene render targets to support 1920x1080 Format 10 NumSamples 1 (Frame:1).
[2019.04.29-01.07.59:032][541]LogSlate: Took 0.022228 seconds to synchronously load lazily loaded font '../../../Engine/Content/EngineFonts/Faces/RobotoRegular.ufont' (155K)
[2019.04.29-01.08.08:933][140]Set new viewmode: Lit_DetailLighting
[2019.04.29-01.08.08:933][140]Debug viewmodes not allowed on consoles by default.  See AllowDebugViewmodes().
[2019.04.29-01.08.16:729][622]LogSlate: Request Window 'AOC (64-bit, PCD3D_SM5)' being destroyed
[2019.04.29-01.08.16:754][622]LogSlate: Window 'AOC (64-bit, PCD3D_SM5)' being destroyed
[2019.04.29-01.08.16:755][622]LogWindowsTextInputMethodSystem: Display: IME system now deactivated.
[2019.04.29-01.08.16:764][622]LogEngine: All Windows Closed
[2019.04.29-01.08.16:764][622]LogWindows: FPlatformMisc::RequestExit(0)
[2019.04.29-01.08.17:616][623]LogExit: Preparing to exit.
[2019.04.29-01.08.17:616][623]LogMoviePlayer: Shutting down movie player
[2019.04.29-01.08.17:705][623]LogExit: Game engine shut down
[2019.04.29-01.08.17:748][623]LogExit: Object subsystem successfully closed.
[2019.04.29-01.08.17:785][623]LogD3D11RHI: Shutdown
[2019.04.29-01.08.17:794][623]LogD3D11RHI: CleanupD3DDevice
[2019.04.29-01.08.17:809][623]LogD3D11RHI: ~FD3D11DynamicRHI
[2019.04.29-01.08.17:809][623]LogModuleManager: Shutting down and abandoning module AutomationController (158)
[2019.04.29-01.08.17:809][623]LogModuleManager: Shutting down and abandoning module AutomationWorker (156)
[2019.04.29-01.08.17:809][623]LogModuleManager: Shutting down and abandoning module AIModule (154)
[2019.04.29-01.08.17:809][623]LogModuleManager: Shutting down and abandoning module GameplayDebugger (153)
[2019.04.29-01.08.17:810][623]LogModuleManager: Shutting down and abandoning module WmfMediaFactory (150)
[2019.04.29-01.08.17:810][623]LogModuleManager: Shutting down and abandoning module AvfMediaFactory (148)
[2019.04.29-01.08.17:810][623]LogModuleManager: Shutting down and abandoning module AndroidMediaFactory (146)
[2019.04.29-01.08.17:810][623]LogModuleManager: Shutting down and abandoning module Media (145)
[2019.04.29-01.08.17:810][623]LogModuleManager: Shutting down and abandoning module CharacterAI (142)
[2019.04.29-01.08.17:810][623]LogModuleManager: Shutting down and abandoning module SessionServices (140)
[2019.04.29-01.08.17:810][623]LogModuleManager: Shutting down and abandoning module MovieSceneTracks (138)
[2019.04.29-01.08.17:810][623]LogModuleManager: Shutting down and abandoning module MovieScene (136)
[2019.04.29-01.08.17:817][623]LogModuleManager: Shutting down and abandoning module GeometryCache (134)
[2019.04.29-01.08.17:818][623]LogModuleManager: Shutting down and abandoning module Niagara (132)
[2019.04.29-01.08.17:818][623]LogModuleManager: Shutting down and abandoning module StreamingPauseRendering (130)
[2019.04.29-01.08.17:818][623]LogModuleManager: Shutting down and abandoning module AnalyticsET (128)
[2019.04.29-01.08.17:818][623]LogModuleManager: Shutting down and abandoning module ProfilerService (126)
[2019.04.29-01.08.17:981][623]LogModuleManager: Shutting down and abandoning module TaskGraph (124)
[2019.04.29-01.08.17:990][623]LogModuleManager: Shutting down and abandoning module SteamVRController (122)
[2019.04.29-01.08.17:990][623]LogModuleManager: Shutting down and abandoning module ProceduralMeshComponent (120)
[2019.04.29-01.08.17:990][623]LogModuleManager: Shutting down and abandoning module OculusInput (118)
[2019.04.29-01.08.17:990][623]LogModuleManager: Shutting down and abandoning module MobilePatchingUtils (116)
[2019.04.29-01.08.17:990][623]LogModuleManager: Shutting down and abandoning module CustomMeshComponent (114)
[2019.04.29-01.08.17:990][623]LogModuleManager: Shutting down and abandoning module CableComponent (112)
[2019.04.29-01.08.17:990][623]LogModuleManager: Shutting down and abandoning module ArchVisCharacter (110)
[2019.04.29-01.08.17:990][623]LogModuleManager: Shutting down and abandoning module AndroidPermission (108)
[2019.04.29-01.08.17:990][623]LogModuleManager: Shutting down and abandoning module HTML5Networking (104)
[2019.04.29-01.08.17:990][623]LogModuleManager: Shutting down and abandoning module RuntimePhysXCooking (102)
[2019.04.29-01.08.17:990][623]LogModuleManager: Shutting down and abandoning module PhysXVehicles (100)
[2019.04.29-01.08.17:990][623]LogModuleManager: Shutting down and abandoning module LocationServicesBPLibrary (98)
[2019.04.29-01.08.17:990][623]LogModuleManager: Shutting down and abandoning module ImmediatePhysics (96)
[2019.04.29-01.08.17:990][623]LogModuleManager: Shutting down and abandoning module UdpMessaging (94)
[2019.04.29-01.08.17:991][623]LogModuleManager: Shutting down and abandoning module TcpMessaging (92)
[2019.04.29-01.08.17:991][623]LogModuleManager: Shutting down and abandoning module FacialAnimation (90)
[2019.04.29-01.08.17:991][623]LogModuleManager: Shutting down and abandoning module LightPropagationVolumeRuntime (88)
[2019.04.29-01.08.17:991][623]LogModuleManager: Shutting down and abandoning module Paper2D (86)
[2019.04.29-01.08.17:991][623]LogModuleManager: Shutting down and abandoning module WindowsMoviePlayer (84)
[2019.04.29-01.08.17:991][623]LogModuleManager: Shutting down and abandoning module WmfMedia (82)
[2019.04.29-01.08.17:994][623]LogModuleManager: Shutting down and abandoning module PacketHandler (80)
[2019.04.29-01.08.17:994][623]LogModuleManager: Shutting down and abandoning module ClothingSystemRuntime (78)
[2019.04.29-01.08.17:994][623]LogModuleManager: Shutting down and abandoning module Overlay (76)
[2019.04.29-01.08.17:994][623]LogModuleManager: Shutting down and abandoning module MediaAssets (74)
[2019.04.29-01.08.17:994][623]LogModuleManager: Shutting down and abandoning module UMG (72)
[2019.04.29-01.08.17:994][623]LogModuleManager: Shutting down and abandoning module SlateReflector (70)
[2019.04.29-01.08.17:999][623]LogModuleManager: Shutting down and abandoning module Slate (68)
[2019.04.29-01.08.17:999][623]LogModuleManager: Shutting down and abandoning module MRMesh (66)
[2019.04.29-01.08.17:999][623]LogModuleManager: Shutting down and abandoning module Messaging (64)
[2019.04.29-01.08.18:000][623]LogModuleManager: Shutting down and abandoning module HeadMountedDisplay (62)
[2019.04.29-01.08.18:000][623]LogModuleManager: Shutting down and abandoning module XAudio2 (60)
[2019.04.29-01.08.18:000][623]LogModuleManager: Shutting down and abandoning module Networking (58)
[2019.04.29-01.08.18:000][623]LogModuleManager: Shutting down and abandoning module Core (54)
[2019.04.29-01.08.18:000][623]LogModuleManager: Shutting down and abandoning module LevelSequence (52)
[2019.04.29-01.08.18:000][623]LogModuleManager: Shutting down and abandoning module ImageWrapper (48)
[2019.04.29-01.08.18:000][623]LogModuleManager: Shutting down and abandoning module InputCore (46)
[2019.04.29-01.08.18:000][623]LogModuleManager: Shutting down and abandoning module PhysXCooking (44)
[2019.04.29-01.08.18:000][623]LogModuleManager: Shutting down and abandoning module SteamVR (42)
[2019.04.29-01.08.18:000][623]LogModuleManager: Shutting down and abandoning module OculusHMD (40)
[2019.04.29-01.08.18:000][623]LogModuleManager: Shutting down and abandoning module ExampleDeviceProfileSelector (38)
[2019.04.29-01.08.18:000][623]LogModuleManager: Shutting down and abandoning module OnlineSubsystem (34)
[2019.04.29-01.08.18:000][623]LogOnline: Display: Unloading online subsystem: NULL
[2019.04.29-01.08.18:001][623]LogModuleManager: Shutting down and abandoning module HTTP (33)
[2019.04.29-01.08.18:007][623]LogHttp: Display: Http module shutting down, but needs to wait on 1 outstanding Http requests:
[2019.04.29-01.08.18:007][623]LogHttp: Display: 	verb=[POST] url=[https://datarouter.ol.epicgames.com/datarouter/api/v1/public/data?SessionID=%7BEB657B56-444F-F227-5395-5FA105BC03BB%7D&AppID=UEGame.Rocket.Release%7C1DA68B514E0423870421A096EA4E36AD%7C2D%20Side%20Scroller%20Game%20Blueprint%20Template&AppVersion=4.17.2-3658906%2B%2B%2BUE4%2BRelease-4.17&UserID=ANON-%7B849E0699-4536-9AB0-5585-6EA7EDF05523%7D%7C%7C&AppEnvironment=datacollector-binary&UploadType=eteventstream] status=Processing
[2019.04.29-01.08.18:029][623]LogModuleManager: Shutting down and abandoning module SSL (32)
[2019.04.29-01.08.18:034][623]LogModuleManager: Shutting down and abandoning module ShaderCore (28)
[2019.04.29-01.08.18:034][623]LogModuleManager: Shutting down and abandoning module Landscape (26)
[2019.04.29-01.08.18:034][623]LogModuleManager: Shutting down and abandoning module SlateRHIRenderer (24)
[2019.04.29-01.08.18:039][623]LogModuleManager: Shutting down and abandoning module OpenGLDrv (22)
[2019.04.29-01.08.18:039][623]LogModuleManager: Shutting down and abandoning module D3D11RHI (20)
[2019.04.29-01.08.18:039][623]LogModuleManager: Shutting down and abandoning module AnimGraphRuntime (18)
[2019.04.29-01.08.18:039][623]LogModuleManager: Shutting down and abandoning module Renderer (16)
[2019.04.29-01.08.18:039][623]LogModuleManager: Shutting down and abandoning module Engine (14)
[2019.04.29-01.08.18:039][623]LogModuleManager: Shutting down and abandoning module CoreUObject (12)
[2019.04.29-01.08.18:039][623]LogModuleManager: Shutting down and abandoning module NetworkFile (10)
[2019.04.29-01.08.18:039][623]LogModuleManager: Shutting down and abandoning module CookedIterativeFile (8)
[2019.04.29-01.08.18:039][623]LogModuleManager: Shutting down and abandoning module StreamingFile (6)
[2019.04.29-01.08.18:039][623]LogModuleManager: Shutting down and abandoning module SandboxFile (4)
[2019.04.29-01.08.18:039][623]LogModuleManager: Shutting down and abandoning module PakFile (2)
[2019.04.29-01.08.18:043][623]LogExit: Exiting.
[2019.04.29-01.08.18:047][623]Log file closed, 04/28/19 20:08:18
