Log file open, 03/28/19 18:08:07
LogWindows: Failed to load 'aqProf.dll' (GetLastError=126)
LogWindows: File 'aqProf.dll' does not exist
LogWindows: Failed to load 'VtuneApi.dll' (GetLastError=126)
LogWindows: File 'VtuneApi.dll' does not exist
LogWindows: Failed to load 'VtuneApi32e.dll' (GetLastError=126)
LogWindows: File 'VtuneApi32e.dll' does not exist
LogConsoleResponse: Display: Failed to find resolution value strings in scalability ini. Falling back to default.
LogInit: Display: Running engine for game: MyProject
LogPakFile: Registered encryption key '00000000000000000000000000000000': 0 pak files mounted, 0 remain pending
LogPlatformFile: Not using cached read wrapper
LogTaskGraph: Started task graph with 5 named threads and 23 total threads with 3 sets of task threads.
LogStats: Stats thread started at 0.302538
LogD3D11RHI: Loaded GFSDK_Aftermath_Lib.x64.dll
LogICUInternationalization: ICU TimeZone Detection - Raw Offset: -6:00, Platform Override: ''
LogPluginManager: Mounting plugin Paper2D
LogPluginManager: Mounting plugin AISupport
LogPluginManager: Mounting plugin LightPropagationVolume
LogPluginManager: Mounting plugin ActorLayerUtilities
LogPluginManager: Mounting plugin CLionSourceCodeAccess
LogPluginManager: Mounting plugin CodeLiteSourceCodeAccess
LogPluginManager: Mounting plugin GitSourceControl
LogPluginManager: Mounting plugin KDevelopSourceCodeAccess
LogPluginManager: Mounting plugin NullSourceCodeAccess
LogPluginManager: Mounting plugin PerforceSourceControl
LogPluginManager: Mounting plugin SubversionSourceControl
LogPluginManager: Mounting plugin UObjectPlugin
LogPluginManager: Mounting plugin VisualStudioCodeSourceCodeAccess
LogPluginManager: Mounting plugin VisualStudioSourceCodeAccess
LogPluginManager: Mounting plugin XCodeSourceCodeAccess
LogPluginManager: Mounting plugin AssetManagerEditor
LogPluginManager: Mounting plugin CryptoKeys
LogPluginManager: Mounting plugin DataValidation
LogPluginManager: Mounting plugin FacialAnimation
LogPluginManager: Mounting plugin GameplayTagsEditor
LogPluginManager: Mounting plugin MacGraphicsSwitching
LogPluginManager: Mounting plugin MeshEditor
LogPluginManager: Mounting plugin MobileLauncherProfileWizard
LogPluginManager: Mounting plugin PluginBrowser
LogPluginManager: Mounting plugin SpeedTreeImporter
LogPluginManager: Mounting plugin DatasmithContent
LogPluginManager: Mounting plugin VariantManagerContent
LogPluginManager: Mounting plugin AlembicImporter
LogPluginManager: Mounting plugin AppleImageUtils
LogPluginManager: Mounting plugin AppleVision
LogPluginManager: Mounting plugin BackChannel
LogPluginManager: Mounting plugin CharacterAI
LogPluginManager: Mounting plugin GeometryCache
LogPluginManager: Mounting plugin HTML5Networking
LogPluginManager: Mounting plugin ProxyLODPlugin
LogPluginManager: Mounting plugin MagicLeap
LogPluginManager: Mounting plugin MagicLeapMedia
LogPluginManager: Mounting plugin AndroidMedia
LogPluginManager: Mounting plugin AvfMedia
LogPluginManager: Mounting plugin ImgMedia
LogPluginManager: Mounting plugin LinearTimecode
LogPluginManager: Mounting plugin MediaCompositing
LogPluginManager: Mounting plugin MediaPlayerEditor
LogPluginManager: Mounting plugin WebMMedia
LogPluginManager: Mounting plugin WmfMedia
LogPluginManager: Mounting plugin TcpMessaging
LogPluginManager: Mounting plugin UdpMessaging
LogPluginManager: Mounting plugin ActorSequence
LogPluginManager: Mounting plugin LevelSequenceEditor
LogPluginManager: Mounting plugin MatineeToLevelSequence
LogPluginManager: Mounting plugin NetcodeUnitTest
LogPluginManager: Mounting plugin NUTUnrealEngine4
LogPluginManager: Mounting plugin OnlineSubsystemGooglePlay
LogPluginManager: Mounting plugin OnlineSubsystemIOS
LogPluginManager: Mounting plugin OnlineSubsystem
LogPluginManager: Mounting plugin OnlineSubsystemNull
LogPluginManager: Mounting plugin OnlineSubsystemUtils
LogPluginManager: Mounting plugin LauncherChunkInstaller
LogPluginManager: Mounting plugin AndroidDeviceProfileSelector
LogPluginManager: Mounting plugin AndroidMoviePlayer
LogPluginManager: Mounting plugin AndroidPermission
LogPluginManager: Mounting plugin AppleMoviePlayer
LogPluginManager: Mounting plugin ArchVisCharacter
LogPluginManager: Mounting plugin AudioCapture
LogPluginManager: Mounting plugin CableComponent
LogPluginManager: Mounting plugin CustomMeshComponent
LogPluginManager: Mounting plugin EditableMesh
LogPluginManager: Mounting plugin ExampleDeviceProfileSelector
LogPluginManager: Mounting plugin Firebase
LogPluginManager: Mounting plugin GoogleCloudMessaging
LogPluginManager: Mounting plugin IOSDeviceProfileSelector
LogPluginManager: Mounting plugin LinuxDeviceProfileSelector
LogPluginManager: Mounting plugin LocationServicesBPLibrary
LogPluginManager: Mounting plugin MobilePatchingUtils
LogPluginManager: Mounting plugin OculusVR
LogPluginManager: Mounting plugin PhysXVehicles
LogPluginManager: Mounting plugin ProceduralMeshComponent
LogPluginManager: Mounting plugin RuntimePhysXCooking
LogPluginManager: Mounting plugin SteamVR
LogPluginManager: Mounting plugin WebMMoviePlayer
LogPluginManager: Mounting plugin WindowsMoviePlayer
LogStreaming: Display: Took  0.236s to configure plugins.
LogInit: Using libcurl 7.55.1-DEV
LogInit:  - built for x86_64-pc-win32
LogInit:  - supports SSL with OpenSSL/1.0.2h
LogInit:  - supports HTTP deflate (compression) using libz 1.2.8
LogInit:  - other features:
LogInit:      CURL_VERSION_SSL
LogInit:      CURL_VERSION_LIBZ
LogInit:      CURL_VERSION_IPV6
LogInit:      CURL_VERSION_ASYNCHDNS
LogInit:      CURL_VERSION_LARGEFILE
LogInit:      CURL_VERSION_IDN
LogInit:  CurlRequestOptions (configurable via config and command line):
LogInit:  - bVerifyPeer = true  - Libcurl will verify peer certificate
LogInit:  - bUseHttpProxy = false  - Libcurl will NOT use HTTP proxy
LogInit:  - bDontReuseConnections = false  - Libcurl will reuse connections
LogInit:  - MaxHostConnections = 16  - Libcurl will limit the number of connections to a host
LogInit:  - LocalHostAddr = Default
LogInit:  - BufferSize = 65536
LogInit: WinSock: version 1.1 (2.2), MaxSocks=32767, MaxUdp=65467
LogHMD: Failed initializing OVRPlugin 1.28.0
LogInit: Build: ++UE4+Release-4.21-CL-4753647
LogInit: Engine Version: 4.21.2-4753647+++UE4+Release-4.21
LogInit: Compatible Engine Version: 4.21.0-4541578+++UE4+Release-4.21
LogInit: Net CL: 4541578
LogInit: OS: Windows 10 (), CPU: Intel(R) Core(TM) i7-4770 CPU @ 3.40GHz, GPU: AMD Radeon HD 8570
LogInit: Compiled (64-bit): Jan 19 2019 02:07:31
LogInit: Compiled with Visual C++: 19.13.26129.00
LogInit: Build Configuration: Development
LogInit: Branch Name: ++UE4+Release-4.21
LogInit: Command Line: 
LogInit: Base Directory: C:/Program Files/Epic Games/UE_4.21/Engine/Binaries/Win64/
LogInit: Installed Engine Build: 1
LogDevObjectVersion: Number of dev versions registered: 22
LogDevObjectVersion:   Dev-Blueprints (B0D832E4-1F89-4F0D-ACCF-7EB736FD4AA2): 10
LogDevObjectVersion:   Dev-Build (E1C64328-A22C-4D53-A36C-8E866417BD8C): 0
LogDevObjectVersion:   Dev-Core (375EC13C-06E4-48FB-B500-84F0262A717E): 2
LogDevObjectVersion:   Dev-Editor (E4B068ED-F494-42E9-A231-DA0B2E46BB41): 26
LogDevObjectVersion:   Dev-Framework (CFFC743F-43B0-4480-9391-14DF171D2073): 34
LogDevObjectVersion:   Dev-Mobile (B02B49B5-BB20-44E9-A304-32B752E40360): 2
LogDevObjectVersion:   Dev-Networking (A4E4105C-59A1-49B5-A7C5-40C4547EDFEE): 0
LogDevObjectVersion:   Dev-Online (39C831C9-5AE6-47DC-9A44-9C173E1C8E7C): 0
LogDevObjectVersion:   Dev-Physics (78F01B33-EBEA-4F98-B9B4-84EACCB95AA2): 0
LogDevObjectVersion:   Dev-Platform (6631380F-2D4D-43E0-8009-CF276956A95A): 0
LogDevObjectVersion:   Dev-Rendering (12F88B9F-8875-4AFC-A67C-D90C383ABD29): 27
LogDevObjectVersion:   Dev-Sequencer (7B5AE74C-D270-4C10-A958-57980B212A5A): 9
LogDevObjectVersion:   Dev-VR (D7296918-1DD6-4BDD-9DE2-64A83CC13884): 2
LogDevObjectVersion:   Dev-LoadTimes (C2A15278-BFE7-4AFE-6C17-90FF531DF755): 1
LogDevObjectVersion:   Private-Geometry (6EACA3D4-40EC-4CC1-B786-8BED09428FC5): 3
LogDevObjectVersion:   Dev-AnimPhys (29E575DD-E0A3-4627-9D10-D276232CDCEA): 17
LogDevObjectVersion:   Dev-Anim (AF43A65D-7FD3-4947-9873-3E8ED9C1BB05): 2
LogDevObjectVersion:   Dev-ReflectionCapture (6B266CEC-1EC7-4B8F-A30B-E4D90942FC07): 1
LogDevObjectVersion:   Dev-Automation (0DF73D61-A23F-47EA-B727-89E90C41499A): 1
LogDevObjectVersion:   FortniteMain (601D1886-AC64-4F84-AA16-D3DE0DEAC7D6): 17
LogDevObjectVersion:   Dev-Enterprise (9DFFBCD6-494F-0158-E221-12823C92A888): 4
LogDevObjectVersion:   Dev-Niagara (F2AED0AC-9AFE-416F-8664-AA7FFA26D6FC): 1
LogStreaming: Display: Took  0.000s to delete old logs.
LogInit: Presizing for max 8388607 objects, including 0 objects not considered by GC, pre-allocating 0 bytes for permanent pool.
LogInit: Object subsystem initialized
LogConfig: Setting CVar [[con.DebugEarlyDefault:1]]
LogConfig: Setting CVar [[r.setres:1280x720]]
[2019.03.28-23.08.08:170][  0]LogConfig: Setting CVar [[r.VSync:0]]
[2019.03.28-23.08.08:170][  0]LogConfig: Setting CVar [[r.RHICmdBypass:0]]
[2019.03.28-23.08.08:170][  0]LogConfig: Applying CVar settings from Section [/Script/Engine.RendererSettings] File [C:/Users/w211153223/Documents/GitHub/Big-Chief-Gaming/Saved/Config/Windows/Engine.ini]
[2019.03.28-23.08.08:170][  0]LogConfig: Setting CVar [[r.GPUCrashDebugging:0]]
[2019.03.28-23.08.08:170][  0]LogConfig: Setting CVar [[r.MobileHDR:1]]
[2019.03.28-23.08.08:170][  0]LogConfig: Setting CVar [[r.Mobile.DisableVertexFog:1]]
[2019.03.28-23.08.08:170][  0]LogConfig: Setting CVar [[r.Shadow.CSM.MaxMobileCascades:2]]
[2019.03.28-23.08.08:170][  0]LogConfig: Setting CVar [[r.MobileMSAA:1]]
[2019.03.28-23.08.08:170][  0]LogConfig: Setting CVar [[r.Mobile.UseLegacyShadingModel:0]]
[2019.03.28-23.08.08:170][  0]LogConfig: Setting CVar [[r.Mobile.AllowDitheredLODTransition:0]]
[2019.03.28-23.08.08:170][  0]LogConfig: Setting CVar [[r.Mobile.AllowSoftwareOcclusion:0]]
[2019.03.28-23.08.08:170][  0]LogConfig: Setting CVar [[r.DiscardUnusedQuality:0]]
[2019.03.28-23.08.08:170][  0]LogConfig: Setting CVar [[r.AllowOcclusionQueries:1]]
[2019.03.28-23.08.08:170][  0]LogConfig: Setting CVar [[r.MinScreenRadiusForLights:0.030000]]
[2019.03.28-23.08.08:170][  0]LogConfig: Setting CVar [[r.MinScreenRadiusForDepthPrepass:0.030000]]
[2019.03.28-23.08.08:170][  0]LogConfig: Setting CVar [[r.MinScreenRadiusForCSMDepth:0.010000]]
[2019.03.28-23.08.08:170][  0]LogConfig: Setting CVar [[r.PrecomputedVisibilityWarning:0]]
[2019.03.28-23.08.08:170][  0]LogConfig: Setting CVar [[r.TextureStreaming:1]]
[2019.03.28-23.08.08:170][  0]LogConfig: Setting CVar [[Compat.UseDXT5NormalMaps:0]]
[2019.03.28-23.08.08:170][  0]LogConfig: Setting CVar [[r.ClearCoatNormal:0]]
[2019.03.28-23.08.08:170][  0]LogConfig: Setting CVar [[r.ReflectionCaptureResolution:128]]
[2019.03.28-23.08.08:170][  0]LogConfig: Setting CVar [[r.ReflectionEnvironmentLightmapMixBasedOnRoughness:1]]
[2019.03.28-23.08.08:170][  0]LogConfig: Setting CVar [[r.ForwardShading:0]]
[2019.03.28-23.08.08:170][  0]LogConfig: Setting CVar [[r.VertexFoggingForOpaque:1]]
[2019.03.28-23.08.08:170][  0]LogConfig: Setting CVar [[r.AllowStaticLighting:1]]
[2019.03.28-23.08.08:170][  0]LogConfig: Setting CVar [[r.NormalMapsForStaticLighting:0]]
[2019.03.28-23.08.08:170][  0]LogConfig: Setting CVar [[r.GenerateMeshDistanceFields:0]]
[2019.03.28-23.08.08:170][  0]LogConfig: Setting CVar [[r.DistanceFieldBuild.EightBit:0]]
[2019.03.28-23.08.08:170][  0]LogConfig: Setting CVar [[r.GenerateLandscapeGIData:0]]
[2019.03.28-23.08.08:170][  0]LogConfig: Setting CVar [[r.DistanceFieldBuild.Compress:0]]
[2019.03.28-23.08.08:170][  0]LogConfig: Setting CVar [[r.TessellationAdaptivePixelsPerTriangle:48.000000]]
[2019.03.28-23.08.08:170][  0]LogConfig: Setting CVar [[r.SeparateTranslucency:1]]
[2019.03.28-23.08.08:170][  0]LogConfig: Setting CVar [[r.TranslucentSortPolicy:0]]
[2019.03.28-23.08.08:170][  0]LogConfig: Setting CVar [[r.CustomDepth:1]]
[2019.03.28-23.08.08:170][  0]LogConfig: Setting CVar [[r.CustomDepthTemporalAAJitter:1]]
[2019.03.28-23.08.08:170][  0]LogConfig: Setting CVar [[r.PostProcessing.PropagateAlpha:0]]
[2019.03.28-23.08.08:170][  0]LogConfig: Setting CVar [[r.DOF.Algorithm:1]]
[2019.03.28-23.08.08:170][  0]LogConfig: Setting CVar [[r.DefaultFeature.Bloom:1]]
[2019.03.28-23.08.08:170][  0]LogConfig: Setting CVar [[r.DefaultFeature.AmbientOcclusion:1]]
[2019.03.28-23.08.08:170][  0]LogConfig: Setting CVar [[r.DefaultFeature.AmbientOcclusionStaticFraction:1]]
[2019.03.28-23.08.08:170][  0]LogConfig: Setting CVar [[r.DefaultFeature.AutoExposure:1]]
[2019.03.28-23.08.08:170][  0]LogConfig: Setting CVar [[r.DefaultFeature.AutoExposure.Method:0]]
[2019.03.28-23.08.08:170][  0]LogConfig: Setting CVar [[r.DefaultFeature.AutoExposure.ExtendDefaultLuminanceRange:0]]
[2019.03.28-23.08.08:170][  0]LogConfig: Setting CVar [[r.UsePreExposure:0]]
[2019.03.28-23.08.08:170][  0]LogConfig: Setting CVar [[r.DefaultFeature.MotionBlur:1]]
[2019.03.28-23.08.08:170][  0]LogConfig: Setting CVar [[r.DefaultFeature.LensFlare:0]]
[2019.03.28-23.08.08:170][  0]LogConfig: Setting CVar [[r.TemporalAA.Upsampling:0]]
[2019.03.28-23.08.08:170][  0]LogConfig: Setting CVar [[r.DefaultFeature.AntiAliasing:2]]
[2019.03.28-23.08.08:170][  0]LogConfig: Setting CVar [[r.DefaultFeature.LightUnits:1]]
[2019.03.28-23.08.08:170][  0]LogConfig: Setting CVar [[r.DefaultBackBufferPixelFormat:4]]
[2019.03.28-23.08.08:170][  0]LogConfig: Setting CVar [[r.Shadow.UnbuiltPreviewInGame:1]]
[2019.03.28-23.08.08:170][  0]LogConfig: Setting CVar [[r.StencilForLODDither:0]]
[2019.03.28-23.08.08:170][  0]LogConfig: Setting CVar [[r.EarlyZPass:3]]
[2019.03.28-23.08.08:170][  0]LogConfig: Setting CVar [[r.EarlyZPassMovable:1]]
[2019.03.28-23.08.08:170][  0]LogConfig: Setting CVar [[r.EarlyZPassOnlyMaterialMasking:0]]
[2019.03.28-23.08.08:170][  0]LogConfig: Setting CVar [[r.DBuffer:1]]
[2019.03.28-23.08.08:170][  0]LogConfig: Setting CVar [[r.ClearSceneMethod:1]]
[2019.03.28-23.08.08:171][  0]LogConfig: Setting CVar [[r.BasePassOutputsVelocity:0]]
[2019.03.28-23.08.08:171][  0]LogConfig: Setting CVar [[r.SelectiveBasePassOutputs:0]]
[2019.03.28-23.08.08:171][  0]LogConfig: Setting CVar [[fx.GPUSimulationTextureSizeX:1024]]
[2019.03.28-23.08.08:171][  0]LogConfig: Setting CVar [[fx.GPUSimulationTextureSizeY:1024]]
[2019.03.28-23.08.08:171][  0]LogConfig: Setting CVar [[r.AllowGlobalClipPlane:0]]
[2019.03.28-23.08.08:171][  0]LogConfig: Setting CVar [[r.GBufferFormat:1]]
[2019.03.28-23.08.08:171][  0]LogConfig: Setting CVar [[r.MorphTarget.Mode:1]]
[2019.03.28-23.08.08:171][  0]LogConfig: Setting CVar [[vr.InstancedStereo:0]]
[2019.03.28-23.08.08:171][  0]LogConfig: Setting CVar [[vr.MultiView:0]]
[2019.03.28-23.08.08:171][  0]LogConfig: Setting CVar [[vr.MobileMultiView:0]]
[2019.03.28-23.08.08:171][  0]LogConfig: Setting CVar [[vr.MobileMultiView.Direct:0]]
[2019.03.28-23.08.08:171][  0]LogConfig: Setting CVar [[vr.MonoscopicFarField:0]]
[2019.03.28-23.08.08:171][  0]LogConfig: Setting CVar [[vr.RoundRobinOcclusion:0]]
[2019.03.28-23.08.08:171][  0]LogConfig: Setting CVar [[vr.ODSCapture:0]]
[2019.03.28-23.08.08:171][  0]LogConfig: Setting CVar [[r.WireframeCullThreshold:5.000000]]
[2019.03.28-23.08.08:171][  0]LogConfig: Setting CVar [[r.SupportStationarySkylight:1]]
[2019.03.28-23.08.08:171][  0]LogConfig: Setting CVar [[r.SupportLowQualityLightmaps:1]]
[2019.03.28-23.08.08:171][  0]LogConfig: Setting CVar [[r.SupportPointLightWholeSceneShadows:1]]
[2019.03.28-23.08.08:171][  0]LogConfig: Setting CVar [[r.SupportAtmosphericFog:1]]
[2019.03.28-23.08.08:171][  0]LogConfig: Setting CVar [[r.SkinCache.CompileShaders:0]]
[2019.03.28-23.08.08:171][  0]LogConfig: Setting CVar [[r.Mobile.EnableStaticAndCSMShadowReceivers:1]]
[2019.03.28-23.08.08:171][  0]LogConfig: Setting CVar [[r.Mobile.EnableMovableLightCSMShaderCulling:1]]
[2019.03.28-23.08.08:171][  0]LogConfig: Setting CVar [[r.Mobile.AllowDistanceFieldShadows:1]]
[2019.03.28-23.08.08:171][  0]LogConfig: Setting CVar [[r.Mobile.AllowMovableDirectionalLights:1]]
[2019.03.28-23.08.08:171][  0]LogConfig: Setting CVar [[r.MobileNumDynamicPointLights:4]]
[2019.03.28-23.08.08:171][  0]LogConfig: Setting CVar [[r.MobileDynamicPointLightsUseStaticBranch:1]]
[2019.03.28-23.08.08:171][  0]LogConfig: Setting CVar [[r.SkinCache.SceneMemoryLimitInMB:128.000000]]
[2019.03.28-23.08.08:171][  0]LogConfig: Setting CVar [[r.GPUSkin.Limit2BoneInfluences:0]]
[2019.03.28-23.08.08:171][  0]LogConfig: Setting CVar [[r.SupportDepthOnlyIndexBuffers:1]]
[2019.03.28-23.08.08:171][  0]LogConfig: Setting CVar [[r.SupportReversedIndexBuffers:1]]
[2019.03.28-23.08.08:171][  0]LogConfig: Setting CVar [[r.SupportMaterialLayers:0]]
[2019.03.28-23.08.08:171][  0]LogConfig: Applying CVar settings from Section [/Script/Engine.RendererOverrideSettings] File [C:/Users/w211153223/Documents/GitHub/Big-Chief-Gaming/Saved/Config/Windows/Engine.ini]
[2019.03.28-23.08.08:171][  0]LogConfig: Applying CVar settings from Section [/Script/Engine.StreamingSettings] File [C:/Users/w211153223/Documents/GitHub/Big-Chief-Gaming/Saved/Config/Windows/Engine.ini]
[2019.03.28-23.08.08:171][  0]LogConfig: Setting CVar [[s.MinBulkDataSizeForAsyncLoading:131072]]
[2019.03.28-23.08.08:171][  0]LogConfig: Setting CVar [[s.AsyncLoadingThreadEnabled:0]]
[2019.03.28-23.08.08:171][  0]LogConfig: Setting CVar [[s.EventDrivenLoaderEnabled:1]]
[2019.03.28-23.08.08:171][  0]LogConfig: Setting CVar [[s.WarnIfTimeLimitExceeded:0]]
[2019.03.28-23.08.08:171][  0]LogConfig: Setting CVar [[s.TimeLimitExceededMultiplier:1.5]]
[2019.03.28-23.08.08:171][  0]LogConfig: Setting CVar [[s.TimeLimitExceededMinTime:0.005]]
[2019.03.28-23.08.08:171][  0]LogConfig: Setting CVar [[s.UseBackgroundLevelStreaming:1]]
[2019.03.28-23.08.08:171][  0]LogConfig: Setting CVar [[s.PriorityAsyncLoadingExtraTime:15.0]]
[2019.03.28-23.08.08:171][  0]LogConfig: Setting CVar [[s.LevelStreamingActorsUpdateTimeLimit:5.0]]
[2019.03.28-23.08.08:171][  0]LogConfig: Setting CVar [[s.PriorityLevelStreamingActorsUpdateExtraTime:5.0]]
[2019.03.28-23.08.08:171][  0]LogConfig: Setting CVar [[s.LevelStreamingComponentsRegistrationGranularity:10]]
[2019.03.28-23.08.08:171][  0]LogConfig: Setting CVar [[s.UnregisterComponentsTimeLimit:1.0]]
[2019.03.28-23.08.08:171][  0]LogConfig: Setting CVar [[s.LevelStreamingComponentsUnregistrationGranularity:5]]
[2019.03.28-23.08.08:171][  0]LogConfig: Applying CVar settings from Section [/Script/Engine.GarbageCollectionSettings] File [C:/Users/w211153223/Documents/GitHub/Big-Chief-Gaming/Saved/Config/Windows/Engine.ini]
[2019.03.28-23.08.08:171][  0]LogConfig: Setting CVar [[gc.MaxObjectsNotConsideredByGC:1]]
[2019.03.28-23.08.08:171][  0]LogConfig: Setting CVar [[gc.SizeOfPermanentObjectPool:0]]
[2019.03.28-23.08.08:171][  0]LogConfig: Setting CVar [[gc.FlushStreamingOnGC:0]]
[2019.03.28-23.08.08:171][  0]LogConfig: Setting CVar [[gc.NumRetriesBeforeForcingGC:10]]
[2019.03.28-23.08.08:171][  0]LogConfig: Setting CVar [[gc.AllowParallelGC:1]]
[2019.03.28-23.08.08:171][  0]LogConfig: Setting CVar [[gc.TimeBetweenPurgingPendingKillObjects:61.1]]
[2019.03.28-23.08.08:171][  0]LogConfig: Setting CVar [[gc.MaxObjectsInEditor:8388607]]
[2019.03.28-23.08.08:171][  0]LogConfig: Setting CVar [[gc.IncrementalBeginDestroyEnabled:1]]
[2019.03.28-23.08.08:171][  0]LogConfig: Setting CVar [[gc.CreateGCClusters:1]]
[2019.03.28-23.08.08:171][  0]LogConfig: Setting CVar [[gc.MergeGCClusters:0]]
[2019.03.28-23.08.08:171][  0]LogConfig: Setting CVar [[gc.MinGCClusterSize:5]]
[2019.03.28-23.08.08:171][  0]LogConfig: Setting CVar [[gc.ActorClusteringEnabled:0]]
[2019.03.28-23.08.08:171][  0]LogConfig: Setting CVar [[gc.BlueprintClusteringEnabled:0]]
[2019.03.28-23.08.08:171][  0]LogConfig: Setting CVar [[gc.UseDisregardForGCOnDedicatedServers:0]]
[2019.03.28-23.08.08:171][  0]LogConfig: Applying CVar settings from Section [/Script/Engine.NetworkSettings] File [C:/Users/w211153223/Documents/GitHub/Big-Chief-Gaming/Saved/Config/Windows/Engine.ini]
[2019.03.28-23.08.08:172][  0]LogConfig: Applying CVar settings from Section [/Script/UnrealEd.CookerSettings] File [C:/Users/w211153223/Documents/GitHub/Big-Chief-Gaming/Saved/Config/Windows/Engine.ini]
[2019.03.28-23.08.08:173][  0]LogConfig: Applying CVar settings from Section [ViewDistanceQuality@3] File [C:/Users/w211153223/Documents/GitHub/Big-Chief-Gaming/Saved/Config/Windows/Scalability.ini]
[2019.03.28-23.08.08:173][  0]LogConfig: Setting CVar [[r.SkeletalMeshLODBias:0]]
[2019.03.28-23.08.08:173][  0]LogConfig: Setting CVar [[r.ViewDistanceScale:1.0]]
[2019.03.28-23.08.08:173][  0]LogConfig: Applying CVar settings from Section [AntiAliasingQuality@3] File [C:/Users/w211153223/Documents/GitHub/Big-Chief-Gaming/Saved/Config/Windows/Scalability.ini]
[2019.03.28-23.08.08:173][  0]LogConfig: Setting CVar [[r.PostProcessAAQuality:4]]
[2019.03.28-23.08.08:173][  0]LogConfig: Applying CVar settings from Section [ShadowQuality@3] File [C:/Users/w211153223/Documents/GitHub/Big-Chief-Gaming/Saved/Config/Windows/Scalability.ini]
[2019.03.28-23.08.08:173][  0]LogConfig: Setting CVar [[r.LightFunctionQuality:1]]
[2019.03.28-23.08.08:173][  0]LogConfig: Setting CVar [[r.ShadowQuality:5]]
[2019.03.28-23.08.08:173][  0]LogConfig: Setting CVar [[r.Shadow.CSM.MaxCascades:10]]
[2019.03.28-23.08.08:173][  0]LogConfig: Setting CVar [[r.Shadow.MaxResolution:2048]]
[2019.03.28-23.08.08:173][  0]LogConfig: Setting CVar [[r.Shadow.MaxCSMResolution:2048]]
[2019.03.28-23.08.08:173][  0]LogConfig: Setting CVar [[r.Shadow.RadiusThreshold:0.01]]
[2019.03.28-23.08.08:174][  0]LogConfig: Setting CVar [[r.Shadow.DistanceScale:1.0]]
[2019.03.28-23.08.08:174][  0]LogConfig: Setting CVar [[r.Shadow.CSM.TransitionScale:1.0]]
[2019.03.28-23.08.08:174][  0]LogConfig: Setting CVar [[r.Shadow.PreShadowResolutionFactor:1.0]]
[2019.03.28-23.08.08:174][  0]LogConfig: Setting CVar [[r.DistanceFieldShadowing:1]]
[2019.03.28-23.08.08:174][  0]LogConfig: Setting CVar [[r.DistanceFieldAO:1]]
[2019.03.28-23.08.08:174][  0]LogConfig: Setting CVar [[r.AOQuality:2]]
[2019.03.28-23.08.08:174][  0]LogConfig: Setting CVar [[r.VolumetricFog:1]]
[2019.03.28-23.08.08:174][  0]LogConfig: Setting CVar [[r.VolumetricFog.GridPixelSize:8]]
[2019.03.28-23.08.08:174][  0]LogConfig: Setting CVar [[r.VolumetricFog.GridSizeZ:128]]
[2019.03.28-23.08.08:174][  0]LogConfig: Setting CVar [[r.VolumetricFog.HistoryMissSupersampleCount:4]]
[2019.03.28-23.08.08:174][  0]LogConfig: Setting CVar [[r.LightMaxDrawDistanceScale:1]]
[2019.03.28-23.08.08:174][  0]LogConfig: Setting CVar [[r.CapsuleShadows:1]]
[2019.03.28-23.08.08:174][  0]LogConfig: Applying CVar settings from Section [PostProcessQuality@3] File [C:/Users/w211153223/Documents/GitHub/Big-Chief-Gaming/Saved/Config/Windows/Scalability.ini]
[2019.03.28-23.08.08:174][  0]LogConfig: Setting CVar [[r.MotionBlurQuality:4]]
[2019.03.28-23.08.08:174][  0]LogConfig: Setting CVar [[r.AmbientOcclusionMipLevelFactor:0.4]]
[2019.03.28-23.08.08:174][  0]LogConfig: Setting CVar [[r.AmbientOcclusionMaxQuality:100]]
[2019.03.28-23.08.08:174][  0]LogConfig: Setting CVar [[r.AmbientOcclusionLevels:-1]]
[2019.03.28-23.08.08:174][  0]LogConfig: Setting CVar [[r.AmbientOcclusionRadiusScale:1.0]]
[2019.03.28-23.08.08:174][  0]LogConfig: Setting CVar [[r.DepthOfFieldQuality:2]]
[2019.03.28-23.08.08:174][  0]LogConfig: Setting CVar [[r.RenderTargetPoolMin:400]]
[2019.03.28-23.08.08:174][  0]LogConfig: Setting CVar [[r.LensFlareQuality:2]]
[2019.03.28-23.08.08:174][  0]LogConfig: Setting CVar [[r.SceneColorFringeQuality:1]]
[2019.03.28-23.08.08:174][  0]LogConfig: Setting CVar [[r.EyeAdaptationQuality:2]]
[2019.03.28-23.08.08:174][  0]LogConfig: Setting CVar [[r.BloomQuality:5]]
[2019.03.28-23.08.08:174][  0]LogConfig: Setting CVar [[r.FastBlurThreshold:100]]
[2019.03.28-23.08.08:174][  0]LogConfig: Setting CVar [[r.Upscale.Quality:3]]
[2019.03.28-23.08.08:174][  0]LogConfig: Setting CVar [[r.Tonemapper.GrainQuantization:1]]
[2019.03.28-23.08.08:174][  0]LogConfig: Setting CVar [[r.LightShaftQuality:1]]
[2019.03.28-23.08.08:174][  0]LogConfig: Setting CVar [[r.Filter.SizeScale:1]]
[2019.03.28-23.08.08:174][  0]LogConfig: Setting CVar [[r.Tonemapper.Quality:5]]
[2019.03.28-23.08.08:174][  0]LogConfig: Setting CVar [[r.DOF.Gather.AccumulatorQuality:1        ; higher gathering accumulator quality]]
[2019.03.28-23.08.08:174][  0]LogConfig: Setting CVar [[r.DOF.Gather.PostfilterMethod:1          ; Median3x3 postfilering method]]
[2019.03.28-23.08.08:174][  0]LogConfig: Setting CVar [[r.DOF.Gather.EnableBokehSettings:0       ; no bokeh simulation when gathering]]
[2019.03.28-23.08.08:174][  0]LogConfig: Setting CVar [[r.DOF.Gather.RingCount:4                 ; medium number of samples when gathering]]
[2019.03.28-23.08.08:174][  0]LogConfig: Setting CVar [[r.DOF.Scatter.ForegroundCompositing:1    ; additive foreground scattering]]
[2019.03.28-23.08.08:174][  0]LogConfig: Setting CVar [[r.DOF.Scatter.BackgroundCompositing:2    ; additive background scattering]]
[2019.03.28-23.08.08:174][  0]LogConfig: Setting CVar [[r.DOF.Scatter.EnableBokehSettings:1      ; bokeh simulation when scattering]]
[2019.03.28-23.08.08:174][  0]LogConfig: Setting CVar [[r.DOF.Scatter.MaxSpriteRatio:0.1         ; only a maximum of 10% of scattered bokeh]]
[2019.03.28-23.08.08:174][  0]LogConfig: Setting CVar [[r.DOF.Recombine.Quality:1                ; cheap slight out of focus]]
[2019.03.28-23.08.08:174][  0]LogConfig: Setting CVar [[r.DOF.Recombine.EnableBokehSettings:0    ; no bokeh simulation on slight out of focus]]
[2019.03.28-23.08.08:174][  0]LogConfig: Setting CVar [[r.DOF.TemporalAAQuality:1                ; more stable temporal accumulation]]
[2019.03.28-23.08.08:174][  0]LogConfig: Setting CVar [[r.DOF.Kernel.MaxForegroundRadius:0.025]]
[2019.03.28-23.08.08:174][  0]LogConfig: Setting CVar [[r.DOF.Kernel.MaxBackgroundRadius:0.025]]
[2019.03.28-23.08.08:174][  0]LogConfig: Applying CVar settings from Section [TextureQuality@3] File [C:/Users/w211153223/Documents/GitHub/Big-Chief-Gaming/Saved/Config/Windows/Scalability.ini]
[2019.03.28-23.08.08:174][  0]LogConfig: Setting CVar [[r.Streaming.MipBias:0]]
[2019.03.28-23.08.08:174][  0]LogConfig: Setting CVar [[r.Streaming.AmortizeCPUToGPUCopy:0]]
[2019.03.28-23.08.08:174][  0]LogConfig: Setting CVar [[r.Streaming.MaxNumTexturesToStreamPerFrame:0]]
[2019.03.28-23.08.08:174][  0]LogConfig: Setting CVar [[r.Streaming.Boost:1]]
[2019.03.28-23.08.08:174][  0]LogConfig: Setting CVar [[r.MaxAnisotropy:8]]
[2019.03.28-23.08.08:174][  0]LogConfig: Setting CVar [[r.Streaming.LimitPoolSizeToVRAM:0]]
[2019.03.28-23.08.08:174][  0]LogConfig: Setting CVar [[r.Streaming.PoolSize:1000]]
[2019.03.28-23.08.08:174][  0]LogConfig: Setting CVar [[r.Streaming.MaxEffectiveScreenSize:0]]
[2019.03.28-23.08.08:174][  0]LogConfig: Applying CVar settings from Section [EffectsQuality@3] File [C:/Users/w211153223/Documents/GitHub/Big-Chief-Gaming/Saved/Config/Windows/Scalability.ini]
[2019.03.28-23.08.08:174][  0]LogConfig: Setting CVar [[r.TranslucencyLightingVolumeDim:64]]
[2019.03.28-23.08.08:174][  0]LogConfig: Setting CVar [[r.RefractionQuality:2]]
[2019.03.28-23.08.08:174][  0]LogConfig: Setting CVar [[r.SSR.Quality:3]]
[2019.03.28-23.08.08:174][  0]LogConfig: Setting CVar [[r.SceneColorFormat:4]]
[2019.03.28-23.08.08:174][  0]LogConfig: Setting CVar [[r.DetailMode:2]]
[2019.03.28-23.08.08:174][  0]LogConfig: Setting CVar [[r.TranslucencyVolumeBlur:1]]
[2019.03.28-23.08.08:174][  0]LogConfig: Setting CVar [[r.MaterialQualityLevel:1 ; High quality]]
[2019.03.28-23.08.08:174][  0]LogConfig: Setting CVar [[r.SSS.Scale:1]]
[2019.03.28-23.08.08:174][  0]LogConfig: Setting CVar [[r.SSS.SampleSet:2]]
[2019.03.28-23.08.08:174][  0]LogConfig: Setting CVar [[r.SSS.Quality:1]]
[2019.03.28-23.08.08:174][  0]LogConfig: Setting CVar [[r.SSS.HalfRes:1]]
[2019.03.28-23.08.08:174][  0]LogConfig: Setting CVar [[r.EmitterSpawnRateScale:1.0]]
[2019.03.28-23.08.08:174][  0]LogConfig: Setting CVar [[r.ParticleLightQuality:2]]
[2019.03.28-23.08.08:175][  0]LogConfig: Applying CVar settings from Section [FoliageQuality@3] File [C:/Users/w211153223/Documents/GitHub/Big-Chief-Gaming/Saved/Config/Windows/Scalability.ini]
[2019.03.28-23.08.08:175][  0]LogConfig: Setting CVar [[foliage.DensityScale:1.0]]
[2019.03.28-23.08.08:175][  0]LogConfig: Setting CVar [[grass.DensityScale:1.0]]
[2019.03.28-23.08.08:175][  0]LogInit: Selected Device Profile: [Windows]
[2019.03.28-23.08.08:175][  0]LogInit: Applying CVar settings loaded from the selected device profile: [Windows]
[2019.03.28-23.08.08:196][  0]LogHAL: Display: Platform has ~ 16 GB [17119154176 / 17179869184 / 16], which maps to Larger [LargestMinGB=32, LargerMinGB=12, DefaultMinGB=8, SmallerMinGB=6, SmallestMinGB=0)
[2019.03.28-23.08.08:196][  0]LogConfig: Setting CVar [[r.Vulkan.UseRealUBs:1]]
[2019.03.28-23.08.08:196][  0]LogInit: Going up to parent DeviceProfile []
[2019.03.28-23.08.08:196][  0]LogConfig: Applying CVar settings from Section [ViewDistanceQuality@3] File [C:/Users/w211153223/Documents/GitHub/Big-Chief-Gaming/Saved/Config/Windows/Scalability.ini]
[2019.03.28-23.08.08:196][  0]LogConfig: Setting CVar [[r.SkeletalMeshLODBias:0]]
[2019.03.28-23.08.08:196][  0]LogConfig: Setting CVar [[r.ViewDistanceScale:1.0]]
[2019.03.28-23.08.08:196][  0]LogConfig: Applying CVar settings from Section [AntiAliasingQuality@3] File [C:/Users/w211153223/Documents/GitHub/Big-Chief-Gaming/Saved/Config/Windows/Scalability.ini]
[2019.03.28-23.08.08:196][  0]LogConfig: Setting CVar [[r.PostProcessAAQuality:4]]
[2019.03.28-23.08.08:196][  0]LogConfig: Applying CVar settings from Section [ShadowQuality@3] File [C:/Users/w211153223/Documents/GitHub/Big-Chief-Gaming/Saved/Config/Windows/Scalability.ini]
[2019.03.28-23.08.08:196][  0]LogConfig: Setting CVar [[r.LightFunctionQuality:1]]
[2019.03.28-23.08.08:196][  0]LogConfig: Setting CVar [[r.ShadowQuality:5]]
[2019.03.28-23.08.08:196][  0]LogConfig: Setting CVar [[r.Shadow.CSM.MaxCascades:10]]
[2019.03.28-23.08.08:196][  0]LogConfig: Setting CVar [[r.Shadow.MaxResolution:2048]]
[2019.03.28-23.08.08:196][  0]LogConfig: Setting CVar [[r.Shadow.MaxCSMResolution:2048]]
[2019.03.28-23.08.08:196][  0]LogConfig: Setting CVar [[r.Shadow.RadiusThreshold:0.01]]
[2019.03.28-23.08.08:196][  0]LogConfig: Setting CVar [[r.Shadow.DistanceScale:1.0]]
[2019.03.28-23.08.08:196][  0]LogConfig: Setting CVar [[r.Shadow.CSM.TransitionScale:1.0]]
[2019.03.28-23.08.08:196][  0]LogConfig: Setting CVar [[r.Shadow.PreShadowResolutionFactor:1.0]]
[2019.03.28-23.08.08:196][  0]LogConfig: Setting CVar [[r.DistanceFieldShadowing:1]]
[2019.03.28-23.08.08:196][  0]LogConfig: Setting CVar [[r.DistanceFieldAO:1]]
[2019.03.28-23.08.08:196][  0]LogConfig: Setting CVar [[r.AOQuality:2]]
[2019.03.28-23.08.08:196][  0]LogConfig: Setting CVar [[r.VolumetricFog:1]]
[2019.03.28-23.08.08:196][  0]LogConfig: Setting CVar [[r.VolumetricFog.GridPixelSize:8]]
[2019.03.28-23.08.08:196][  0]LogConfig: Setting CVar [[r.VolumetricFog.GridSizeZ:128]]
[2019.03.28-23.08.08:196][  0]LogConfig: Setting CVar [[r.VolumetricFog.HistoryMissSupersampleCount:4]]
[2019.03.28-23.08.08:196][  0]LogConfig: Setting CVar [[r.LightMaxDrawDistanceScale:1]]
[2019.03.28-23.08.08:196][  0]LogConfig: Setting CVar [[r.CapsuleShadows:1]]
[2019.03.28-23.08.08:197][  0]LogConfig: Applying CVar settings from Section [PostProcessQuality@3] File [C:/Users/w211153223/Documents/GitHub/Big-Chief-Gaming/Saved/Config/Windows/Scalability.ini]
[2019.03.28-23.08.08:197][  0]LogConfig: Setting CVar [[r.MotionBlurQuality:4]]
[2019.03.28-23.08.08:197][  0]LogConfig: Setting CVar [[r.AmbientOcclusionMipLevelFactor:0.4]]
[2019.03.28-23.08.08:197][  0]LogConfig: Setting CVar [[r.AmbientOcclusionMaxQuality:100]]
[2019.03.28-23.08.08:197][  0]LogConfig: Setting CVar [[r.AmbientOcclusionLevels:-1]]
[2019.03.28-23.08.08:197][  0]LogConfig: Setting CVar [[r.AmbientOcclusionRadiusScale:1.0]]
[2019.03.28-23.08.08:197][  0]LogConfig: Setting CVar [[r.DepthOfFieldQuality:2]]
[2019.03.28-23.08.08:197][  0]LogConfig: Setting CVar [[r.RenderTargetPoolMin:400]]
[2019.03.28-23.08.08:197][  0]LogConfig: Setting CVar [[r.LensFlareQuality:2]]
[2019.03.28-23.08.08:197][  0]LogConfig: Setting CVar [[r.SceneColorFringeQuality:1]]
[2019.03.28-23.08.08:197][  0]LogConfig: Setting CVar [[r.EyeAdaptationQuality:2]]
[2019.03.28-23.08.08:197][  0]LogConfig: Setting CVar [[r.BloomQuality:5]]
[2019.03.28-23.08.08:197][  0]LogConfig: Setting CVar [[r.FastBlurThreshold:100]]
[2019.03.28-23.08.08:197][  0]LogConfig: Setting CVar [[r.Upscale.Quality:3]]
[2019.03.28-23.08.08:197][  0]LogConfig: Setting CVar [[r.Tonemapper.GrainQuantization:1]]
[2019.03.28-23.08.08:197][  0]LogConfig: Setting CVar [[r.LightShaftQuality:1]]
[2019.03.28-23.08.08:197][  0]LogConfig: Setting CVar [[r.Filter.SizeScale:1]]
[2019.03.28-23.08.08:197][  0]LogConfig: Setting CVar [[r.Tonemapper.Quality:5]]
[2019.03.28-23.08.08:197][  0]LogConfig: Setting CVar [[r.DOF.Gather.AccumulatorQuality:1        ; higher gathering accumulator quality]]
[2019.03.28-23.08.08:197][  0]LogConfig: Setting CVar [[r.DOF.Gather.PostfilterMethod:1          ; Median3x3 postfilering method]]
[2019.03.28-23.08.08:197][  0]LogConfig: Setting CVar [[r.DOF.Gather.EnableBokehSettings:0       ; no bokeh simulation when gathering]]
[2019.03.28-23.08.08:197][  0]LogConfig: Setting CVar [[r.DOF.Gather.RingCount:4                 ; medium number of samples when gathering]]
[2019.03.28-23.08.08:197][  0]LogConfig: Setting CVar [[r.DOF.Scatter.ForegroundCompositing:1    ; additive foreground scattering]]
[2019.03.28-23.08.08:197][  0]LogConfig: Setting CVar [[r.DOF.Scatter.BackgroundCompositing:2    ; additive background scattering]]
[2019.03.28-23.08.08:197][  0]LogConfig: Setting CVar [[r.DOF.Scatter.EnableBokehSettings:1      ; bokeh simulation when scattering]]
[2019.03.28-23.08.08:197][  0]LogConfig: Setting CVar [[r.DOF.Scatter.MaxSpriteRatio:0.1         ; only a maximum of 10% of scattered bokeh]]
[2019.03.28-23.08.08:197][  0]LogConfig: Setting CVar [[r.DOF.Recombine.Quality:1                ; cheap slight out of focus]]
[2019.03.28-23.08.08:197][  0]LogConfig: Setting CVar [[r.DOF.Recombine.EnableBokehSettings:0    ; no bokeh simulation on slight out of focus]]
[2019.03.28-23.08.08:197][  0]LogConfig: Setting CVar [[r.DOF.TemporalAAQuality:1                ; more stable temporal accumulation]]
[2019.03.28-23.08.08:197][  0]LogConfig: Setting CVar [[r.DOF.Kernel.MaxForegroundRadius:0.025]]
[2019.03.28-23.08.08:197][  0]LogConfig: Setting CVar [[r.DOF.Kernel.MaxBackgroundRadius:0.025]]
[2019.03.28-23.08.08:197][  0]LogConfig: Applying CVar settings from Section [TextureQuality@3] File [C:/Users/w211153223/Documents/GitHub/Big-Chief-Gaming/Saved/Config/Windows/Scalability.ini]
[2019.03.28-23.08.08:197][  0]LogConfig: Setting CVar [[r.Streaming.MipBias:0]]
[2019.03.28-23.08.08:197][  0]LogConfig: Setting CVar [[r.Streaming.AmortizeCPUToGPUCopy:0]]
[2019.03.28-23.08.08:197][  0]LogConfig: Setting CVar [[r.Streaming.MaxNumTexturesToStreamPerFrame:0]]
[2019.03.28-23.08.08:197][  0]LogConfig: Setting CVar [[r.Streaming.Boost:1]]
[2019.03.28-23.08.08:197][  0]LogConfig: Setting CVar [[r.MaxAnisotropy:8]]
[2019.03.28-23.08.08:197][  0]LogConfig: Setting CVar [[r.Streaming.LimitPoolSizeToVRAM:0]]
[2019.03.28-23.08.08:197][  0]LogConfig: Setting CVar [[r.Streaming.PoolSize:1000]]
[2019.03.28-23.08.08:197][  0]LogConfig: Setting CVar [[r.Streaming.MaxEffectiveScreenSize:0]]
[2019.03.28-23.08.08:197][  0]LogConfig: Applying CVar settings from Section [EffectsQuality@3] File [C:/Users/w211153223/Documents/GitHub/Big-Chief-Gaming/Saved/Config/Windows/Scalability.ini]
[2019.03.28-23.08.08:197][  0]LogConfig: Setting CVar [[r.TranslucencyLightingVolumeDim:64]]
[2019.03.28-23.08.08:197][  0]LogConfig: Setting CVar [[r.RefractionQuality:2]]
[2019.03.28-23.08.08:197][  0]LogConfig: Setting CVar [[r.SSR.Quality:3]]
[2019.03.28-23.08.08:197][  0]LogConfig: Setting CVar [[r.SceneColorFormat:4]]
[2019.03.28-23.08.08:197][  0]LogConfig: Setting CVar [[r.DetailMode:2]]
[2019.03.28-23.08.08:197][  0]LogConfig: Setting CVar [[r.TranslucencyVolumeBlur:1]]
[2019.03.28-23.08.08:197][  0]LogConfig: Setting CVar [[r.MaterialQualityLevel:1 ; High quality]]
[2019.03.28-23.08.08:197][  0]LogConfig: Setting CVar [[r.SSS.Scale:1]]
[2019.03.28-23.08.08:197][  0]LogConfig: Setting CVar [[r.SSS.SampleSet:2]]
[2019.03.28-23.08.08:197][  0]LogConfig: Setting CVar [[r.SSS.Quality:1]]
[2019.03.28-23.08.08:198][  0]LogConfig: Setting CVar [[r.SSS.HalfRes:1]]
[2019.03.28-23.08.08:198][  0]LogConfig: Setting CVar [[r.EmitterSpawnRateScale:1.0]]
[2019.03.28-23.08.08:198][  0]LogConfig: Setting CVar [[r.ParticleLightQuality:2]]
[2019.03.28-23.08.08:198][  0]LogConfig: Applying CVar settings from Section [FoliageQuality@3] File [C:/Users/w211153223/Documents/GitHub/Big-Chief-Gaming/Saved/Config/Windows/Scalability.ini]
[2019.03.28-23.08.08:198][  0]LogConfig: Setting CVar [[foliage.DensityScale:1.0]]
[2019.03.28-23.08.08:198][  0]LogConfig: Setting CVar [[grass.DensityScale:1.0]]
[2019.03.28-23.08.08:198][  0]LogConfig: Applying CVar settings from Section [Startup] File [../../../Engine/Config/ConsoleVariables.ini]
[2019.03.28-23.08.08:198][  0]LogConfig: Setting CVar [[net.UseAdaptiveNetUpdateFrequency:0]]
[2019.03.28-23.08.08:198][  0]LogConfig: Applying CVar settings from Section [ConsoleVariables] File [C:/Users/w211153223/Documents/GitHub/Big-Chief-Gaming/Saved/Config/Windows/Engine.ini]
[2019.03.28-23.08.08:198][  0]LogInit: Computer: SW-WLC124-18
[2019.03.28-23.08.08:198][  0]LogInit: User: W211153223
[2019.03.28-23.08.08:198][  0]LogInit: CPU Page size=4096, Cores=4
[2019.03.28-23.08.08:198][  0]LogInit: High frequency timer resolution =3.312659 MHz
[2019.03.28-23.08.08:199][  0]LogMemory: Memory total: Physical=15.9GB (16GB approx)
[2019.03.28-23.08.08:199][  0]LogMemory: Platform Memory Stats for Windows
[2019.03.28-23.08.08:199][  0]LogMemory: Process Physical Memory: 105.19 MB used, 105.19 MB peak
[2019.03.28-23.08.08:199][  0]LogMemory: Process Virtual Memory: 92.95 MB used, 92.95 MB peak
[2019.03.28-23.08.08:199][  0]LogMemory: Physical Memory: 6448.06 MB used,  9878.04 MB free, 16326.10 MB total
[2019.03.28-23.08.08:199][  0]LogMemory: Virtual Memory: 536.79 MB used,  134217192.00 MB free, 134217728.00 MB total
[2019.03.28-23.08.08:225][  0]LogInit: Using OS detected language (en-US).
[2019.03.28-23.08.08:225][  0]LogInit: Using OS detected locale (en-US).
[2019.03.28-23.08.08:226][  0]LogTextLocalizationManager: No specific localization for 'en-US' exists, so the 'en' localization will be used.
[2019.03.28-23.08.08:660][  0]LogStreaming: Display: Took  0.434s to InitEngineTextLocalization.
[2019.03.28-23.08.08:660][  0]LogInit: Setting process to per monitor DPI aware
[2019.03.28-23.08.08:695][  0]LogSlate: New Slate User Created.  User Index 0, Is Virtual User: 0
[2019.03.28-23.08.08:695][  0]LogSlate: Slate User Registered.  User Index 0, Is Virtual User: 0
[2019.03.28-23.08.08:908][  0]LogHMD: Failed to initialize OpenVR with code 110
[2019.03.28-23.08.08:908][  0]LogD3D11RHI: D3D11 adapters:
[2019.03.28-23.08.08:925][  0]LogD3D11RHI:    0. 'AMD Radeon HD 8570' (Feature Level 11_0)
[2019.03.28-23.08.08:925][  0]LogD3D11RHI:       1005/0/8163 MB DedicatedVideo/DedicatedSystem/SharedSystem, Outputs:1, VendorId:0x1002
[2019.03.28-23.08.08:926][  0]LogD3D11RHI:    1. 'Microsoft Basic Render Driver' (Feature Level 11_0)
[2019.03.28-23.08.08:926][  0]LogD3D11RHI:       0/0/8163 MB DedicatedVideo/DedicatedSystem/SharedSystem, Outputs:0, VendorId:0x1414
[2019.03.28-23.08.08:926][  0]LogD3D11RHI: Chosen D3D11 Adapter: 0
[2019.03.28-23.08.08:938][  0]LogD3D11RHI: Creating new Direct3DDevice
[2019.03.28-23.08.08:938][  0]LogD3D11RHI:     GPU DeviceId: 0x6611 (for the marketing name, search the web for "GPU Device Id")
[2019.03.28-23.08.08:938][  0]LogWindows: EnumDisplayDevices:
[2019.03.28-23.08.08:938][  0]LogWindows:    0. 'AMD Radeon HD 8570' (P:1 D:1)
[2019.03.28-23.08.08:939][  0]LogWindows:    1. 'AMD Radeon HD 8570' (P:0 D:0)
[2019.03.28-23.08.08:939][  0]LogWindows: DebugString: FoundDriverCount:2 
[2019.03.28-23.08.08:939][  0]LogD3D11RHI:     Adapter Name: AMD Radeon HD 8570
[2019.03.28-23.08.08:939][  0]LogD3D11RHI:   Driver Version: Crimson 16.6 (internal:21.19.144.32768, unified:21.19.144.32768)
[2019.03.28-23.08.08:939][  0]LogD3D11RHI:      Driver Date: 10-25-2016
[2019.03.28-23.08.08:939][  0]LogRHI: Texture pool is 703 MB (70% of 1005 MB)
[2019.03.28-23.08.08:988][  0]LogD3D11RHI: Async texture creation enabled
[2019.03.28-23.08.09:001][  0]LogD3D11RHI: GPU Timing Frequency: 27.000000 (Debug: 2 1)
[2019.03.28-23.08.09:277][  0]LogTemp: Display: Loaded TP AllDesktopTargetPlatform
[2019.03.28-23.08.09:293][  0]LogTemp: Display: Loaded TP MacClientTargetPlatform
[2019.03.28-23.08.09:311][  0]LogTemp: Display: Loaded TP MacNoEditorTargetPlatform
[2019.03.28-23.08.09:326][  0]LogTemp: Display: Loaded TP MacServerTargetPlatform
[2019.03.28-23.08.09:345][  0]LogTemp: Display: Loaded TP MacTargetPlatform
[2019.03.28-23.08.09:362][  0]LogTemp: Display: Loaded TP WindowsClientTargetPlatform
[2019.03.28-23.08.09:381][  0]LogTemp: Display: Loaded TP WindowsNoEditorTargetPlatform
[2019.03.28-23.08.09:397][  0]LogTemp: Display: Loaded TP WindowsServerTargetPlatform
[2019.03.28-23.08.09:409][  0]LogTemp: Display: Loaded TP WindowsTargetPlatform
[2019.03.28-23.08.09:528][  0]LogTemp: Display: Loaded TP AndroidTargetPlatform
[2019.03.28-23.08.09:528][  0]LogTemp: Display: Loaded TP AndroidTargetPlatform
[2019.03.28-23.08.09:528][  0]LogTemp: Display: Loaded TP AndroidTargetPlatform
[2019.03.28-23.08.09:528][  0]LogTemp: Display: Loaded TP AndroidTargetPlatform
[2019.03.28-23.08.09:528][  0]LogTemp: Display: Loaded TP AndroidTargetPlatform
[2019.03.28-23.08.09:528][  0]LogTemp: Display: Loaded TP AndroidTargetPlatform
[2019.03.28-23.08.09:528][  0]LogTemp: Display: Loaded TP AndroidTargetPlatform
[2019.03.28-23.08.09:528][  0]LogTemp: Display: Loaded TP AndroidTargetPlatform
[2019.03.28-23.08.09:528][  0]LogTemp: Display: Loaded TP AndroidTargetPlatform
[2019.03.28-23.08.09:529][  0]LogTemp: Display: Loaded TP AndroidTargetPlatform
[2019.03.28-23.08.09:529][  0]LogTemp: Display: Loaded TP AndroidTargetPlatform
[2019.03.28-23.08.09:529][  0]LogTemp: Display: Loaded TP AndroidTargetPlatform
[2019.03.28-23.08.09:529][  0]LogTemp: Display: Loaded TP AndroidTargetPlatform
[2019.03.28-23.08.09:529][  0]LogTemp: Display: Loaded TP AndroidTargetPlatform
[2019.03.28-23.08.09:529][  0]LogTemp: Display: Loaded TP AndroidTargetPlatform
[2019.03.28-23.08.09:529][  0]LogTemp: Display: Loaded TP AndroidTargetPlatform
[2019.03.28-23.08.09:529][  0]LogTemp: Display: Loaded TP AndroidTargetPlatform
[2019.03.28-23.08.09:529][  0]LogTemp: Display: Loaded TP AndroidTargetPlatform
[2019.03.28-23.08.09:531][  0]LogTemp: Display: Loaded TP HTML5TargetPlatform
[2019.03.28-23.08.09:606][  0]LogTemp: Display: Loaded TP IOSTargetPlatform
[2019.03.28-23.08.09:606][  0]LogTemp: Display: Loaded TP IOSTargetPlatform
[2019.03.28-23.08.09:634][  0]LogTemp: Display: Loaded TP TVOSTargetPlatform
[2019.03.28-23.08.09:634][  0]LogTemp: Display: Loaded TP TVOSTargetPlatform
[2019.03.28-23.08.09:647][  0]LogTemp: Display: Loaded TP LinuxClientTargetPlatform
[2019.03.28-23.08.09:661][  0]LogTemp: Display: Loaded TP LinuxNoEditorTargetPlatform
[2019.03.28-23.08.09:675][  0]LogTemp: Display: Loaded TP LinuxServerTargetPlatform
[2019.03.28-23.08.09:690][  0]LogTemp: Display: Loaded TP LinuxTargetPlatform
[2019.03.28-23.08.09:745][  0]LogTemp: Display: Loaded TP LuminTargetPlatform
[2019.03.28-23.08.09:745][  0]LogTemp: Display: Loaded TP LuminTargetPlatform
[2019.03.28-23.08.09:745][  0]LogTargetPlatformManager: Display: Building Assets For Windows
[2019.03.28-23.08.09:829][  0]LogShaderCompilers: Guid format shader working directory is -18 characters bigger than the processId version (../../../../../../Users/w211153223/Documents/GitHub/Big-Chief-Gaming/Intermediate/Shaders/WorkingDirectory/10116/).
[2019.03.28-23.08.09:830][  0]LogShaderCompilers: Cleaned the shader compiler working directory 'C:/Users/w211153223/AppData/Local/Temp/UnrealShaderWorkingDir/0E55B9E54B6FC90C66F0CDB63992177A/'.
[2019.03.28-23.08.09:846][  0]LogShaderCompilers: Display: Using XGE Shader Compiler (Interception Interface).
[2019.03.28-23.08.10:408][  0]LogDerivedDataCache: Display: Max Cache Size: 512 MB
[2019.03.28-23.08.10:534][  0]LogDerivedDataCache: Loaded boot cache 0.13s 71MB C:/Users/w211153223/AppData/Local/UnrealEngine/4.21/DerivedDataCache/Boot.ddc.
[2019.03.28-23.08.10:534][  0]LogDerivedDataCache: Display: Loaded Boot cache: C:/Users/w211153223/AppData/Local/UnrealEngine/4.21/DerivedDataCache/Boot.ddc
[2019.03.28-23.08.10:534][  0]LogDerivedDataCache: FDerivedDataBackendGraph:  Pak pak cache file ../../../../../../Users/w211153223/Documents/GitHub/Big-Chief-Gaming/DerivedDataCache/DDC.ddp not found, will not use a pak cache.
[2019.03.28-23.08.10:534][  0]LogDerivedDataCache: Unable to find inner node Pak for hierarchical cache Hierarchy.
[2019.03.28-23.08.10:534][  0]LogDerivedDataCache: FDerivedDataBackendGraph:  CompressedPak pak cache file ../../../../../../Users/w211153223/Documents/GitHub/Big-Chief-Gaming/DerivedDataCache/Compressed.ddp not found, will not use a pak cache.
[2019.03.28-23.08.10:534][  0]LogDerivedDataCache: Unable to find inner node CompressedPak for hierarchical cache Hierarchy.
[2019.03.28-23.08.10:548][  0]LogDerivedDataCache: Display: Pak cache opened for reading ../../../Engine/DerivedDataCache/Compressed.ddp.
[2019.03.28-23.08.10:548][  0]LogDerivedDataCache: FDerivedDataBackendGraph:  EnterprisePak pak cache file ../../../Enterprise/DerivedDataCache/Compressed.ddp not found, will not use a pak cache.
[2019.03.28-23.08.10:548][  0]LogDerivedDataCache: Unable to find inner node EnterprisePak for hierarchical cache Hierarchy.
[2019.03.28-23.08.10:560][  0]LogDerivedDataCache: Using Local data cache path C:/Users/w211153223/AppData/Local/UnrealEngine/Common/DerivedDataCache: Writable
[2019.03.28-23.08.10:560][  0]LogDerivedDataCache: Shared data cache path not found in *engine.ini, will not use an Shared cache.
[2019.03.28-23.08.10:560][  0]LogDerivedDataCache: Unable to find inner node Shared for hierarchical cache Hierarchy.
[2019.03.28-23.08.10:584][  0]LogMaterial: Verifying Global Shaders for PCD3D_SM5
[2019.03.28-23.08.10:586][  0]LogSlate: Using FreeType 2.6.0
[2019.03.28-23.08.10:586][  0]LogSlate: SlateFontServices - WITH_FREETYPE: 1, WITH_HARFBUZZ: 1
[2019.03.28-23.08.10:687][  0]LogAssetRegistry: FAssetRegistry took 0.0356 seconds to start up
[2019.03.28-23.08.11:017][  0]LogInit: Selected Device Profile: [Windows]
[2019.03.28-23.08.11:280][  0]LogSimplygon: Simplygon DLL not present - disabling.
[2019.03.28-23.08.11:286][  0]LogMeshReduction: Using SimplygonSwarm for distributed automatic mesh merging
[2019.03.28-23.08.11:286][  0]LogMeshReduction: Using ProxyLODMeshReduction for automatic mesh merging
[2019.03.28-23.08.11:287][  0]LogMeshReduction: Using QuadricMeshReduction for automatic static mesh reduction
[2019.03.28-23.08.11:287][  0]LogMeshReduction: No automatic skeletal mesh reduction module available
[2019.03.28-23.08.11:302][  0]LogNetVersion: MyProject 1.0.0, NetCL: 4541578, EngineNetVer: 5, GameNetVer: 0 (Checksum: 1637960414)
[2019.03.28-23.08.12:310][  0]LogPackageLocalizationCache: Processed 11 localized package path(s) for 2 prioritized culture(s) in 0.553957 seconds
[2019.03.28-23.08.12:319][  0]LogUObjectArray: 39775 objects as part of root set at end of initial load.
[2019.03.28-23.08.12:319][  0]LogUObjectAllocator: 6914664 out of 0 bytes used by permanent object pool.
[2019.03.28-23.08.12:319][  0]LogUObjectArray: CloseDisregardForGC: 0/0 objects in disregard for GC pool
[2019.03.28-23.08.13:555][  0]LogTcpMessaging: Initializing TcpMessaging bridge
[2019.03.28-23.08.13:569][  0]LogUdpMessaging: Initializing bridge on interface 0.0.0.0:0 to multicast group 230.0.0.1:6666.
[2019.03.28-23.08.14:245][  0]SourceControl: Source control is disabled
[2019.03.28-23.08.14:245][  0]SourceControl: Source control is disabled
[2019.03.28-23.08.14:247][  0]SourceControl: Source control is disabled
[2019.03.28-23.08.14:249][  0]SourceControl: Source control is disabled
[2019.03.28-23.08.14:414][  0]LogAndroidPermission: UAndroidPermissionCallbackProxy::GetInstance
[2019.03.28-23.08.14:460][  0]LogOcInput: OculusInput pre-init called
[2019.03.28-23.08.14:603][  0]LogEngine: Initializing Engine...
[2019.03.28-23.08.14:604][  0]LogHMD: Failed to initialize OpenVR with code 110
[2019.03.28-23.08.14:605][  0]LogStats: UGameplayTagsManager::ConstructGameplayTagTree: ImportINI prefixes -  0.000 s
[2019.03.28-23.08.14:605][  0]LogStats: UGameplayTagsManager::ConstructGameplayTagTree: Construct from data asset -  0.000 s
[2019.03.28-23.08.14:605][  0]LogStats: UGameplayTagsManager::ConstructGameplayTagTree: ImportINI -  0.000 s
[2019.03.28-23.08.14:605][  0]LogStats: UGameplayTagsManager::ConstructGameplayTagTree: GameplayTagTreeChangedEvent.Broadcast -  0.000 s
[2019.03.28-23.08.14:861][  0]LogInit: Initializing FReadOnlyCVARCache
[2019.03.28-23.08.14:880][  0]LogAIModule: Creating AISystem for world Untitled
[2019.03.28-23.08.14:916][  0]LogInit: XAudio2 using 'Speakers / Headphones (Realtek High Definition Audio)' : 2 channels at 48 kHz using 32 bits per sample (channel mask 0x3)
[2019.03.28-23.08.15:106][  0]LogInit: FAudioDevice initialized.
[2019.03.28-23.08.15:107][  0]LogNetVersion: Set ProjectVersion to 1.0.0.0. Version Checksum will be recalculated on next use.
[2019.03.28-23.08.15:339][  0]LogDerivedDataCache: Saved boot cache 0.23s 71MB C:/Users/w211153223/AppData/Local/UnrealEngine/4.21/DerivedDataCache/Boot.ddc.
[2019.03.28-23.08.15:350][  0]LogInit: Texture streaming: Enabled
[2019.03.28-23.08.15:373][  0]LogEngineSessionManager: EngineSessionManager initialized
[2019.03.28-23.08.15:393][  0]LogInit: Transaction tracking system initialized
[2019.03.28-23.08.15:428][  0]BlueprintLog: New page: Editor Load
[2019.03.28-23.08.15:542][  0]LocalizationService: Localization service is disabled
[2019.03.28-23.08.16:004][  0]LogFileCache: Scanning file cache for directory 'C:/Users/w211153223/Documents/GitHub/Big-Chief-Gaming/Content/' took 0.01s
[2019.03.28-23.08.16:004][  0]LogCook: Display: Max memory allowance for cook 16384mb min free memory 0mb
[2019.03.28-23.08.16:004][  0]LogCook: Display: Mobile HDR setting 1
[2019.03.28-23.08.16:004][  0]LogGameplayTags: Display: UGameplayTagsManager::DoneAddingNativeTags. DelegateIsBound: 0
[2019.03.28-23.08.16:004][  0]LogStats: UGameplayTagsManager::ConstructGameplayTagTree: ImportINI prefixes -  0.000 s
[2019.03.28-23.08.16:004][  0]LogStats: UGameplayTagsManager::ConstructGameplayTagTree: Construct from data asset -  0.000 s
[2019.03.28-23.08.16:004][  0]LogStats: UGameplayTagsManager::ConstructGameplayTagTree: ImportINI -  0.000 s
[2019.03.28-23.08.16:004][  0]LogStats: UGameplayTagsManager::ConstructGameplayTagTree: GameplayTagTreeChangedEvent.Broadcast -  0.000 s
[2019.03.28-23.08.16:159][  0]SourceControl: Source control is disabled
[2019.03.28-23.08.16:159][  0]Cmd: MAP LOAD FILE="../../../../../../Users/w211153223/Documents/GitHub/Big-Chief-Gaming/Content/2DSideScrollerBP/Maps/2DSideScrollerExampleMap.umap" TEMPLATE=0 SHOWPROGRESS=1 FEATURELEVEL=3
[2019.03.28-23.08.16:159][  0]LightingResults: New page: Lighting Build
[2019.03.28-23.08.16:164][  0]MapCheck: New page: Map Check
[2019.03.28-23.08.16:164][  0]LightingResults: New page: Lighting Build
[2019.03.28-23.08.16:356][  0]LogAIModule: Creating AISystem for world 2DSideScrollerExampleMap
[2019.03.28-23.08.16:360][  0]LogEditorServer: Finished looking for orphan Actors (0.000 secs)
[2019.03.28-23.08.16:381][  0]Cmd: MAP CHECKDEP NOCLEARLOG
[2019.03.28-23.08.16:381][  0]MapCheck: Map check complete: 0 Error(s), 0 Warning(s), took 0.133ms to complete.
[2019.03.28-23.08.16:381][  0]LogFileHelpers: Loading map '2DSideScrollerExampleMap' took 0.222
[2019.03.28-23.08.16:465][  0]LogSlate: Updating window title bar state: overlay mode, drag disabled, window buttons hidden, title bar hidden
[2019.03.28-23.08.16:471][  0]LogSlate: Updating window title bar state: overlay mode, drag disabled, window buttons hidden, title bar hidden
[2019.03.28-23.08.16:479][  0]LogSlate: Updating window title bar state: overlay mode, drag disabled, window buttons hidden, title bar hidden
[2019.03.28-23.08.16:488][  0]LogSlate: Updating window title bar state: overlay mode, drag disabled, window buttons hidden, title bar hidden
[2019.03.28-23.08.16:500][  0]LogCollectionManager: Loaded 0 collections in 0.004193 seconds
[2019.03.28-23.08.16:540][  0]LogFileCache: Scanning file cache for directory 'C:/Users/w211153223/Documents/GitHub/Big-Chief-Gaming/Saved/Collections/' took 0.01s
[2019.03.28-23.08.16:540][  0]LogFileCache: Scanning file cache for directory 'C:/Users/w211153223/Documents/GitHub/Big-Chief-Gaming/Content/Developers/W211153223/Collections/' took 0.01s
[2019.03.28-23.08.16:540][  0]LogFileCache: Scanning file cache for directory 'C:/Users/w211153223/Documents/GitHub/Big-Chief-Gaming/Content/Collections/' took 0.01s
[2019.03.28-23.08.16:540][  0]LogCollectionManager: Rebuilt the GUID cache for 0 collections in 0.000001 seconds
[2019.03.28-23.08.16:551][  0]LogContentBrowser: Native class hierarchy populated in 0.0102 seconds. Added 2651 classes and 620 folders.
[2019.03.28-23.08.16:561][  0]LogContentBrowser: Native class hierarchy updated for 'WidgetCarousel' in 0.0003 seconds. Added 0 classes and 0 folders.
[2019.03.28-23.08.16:566][  0]LogPakFile: Registered encryption key '00000000000000000000000000000000': 0 pak files mounted, 0 remain pending
[2019.03.28-23.08.16:566][  0]LogPakFile: Registered encryption key '00000000000000000000000000000000': 0 pak files mounted, 0 remain pending
[2019.03.28-23.08.16:567][  0]LogPakFile: Registered encryption key '00000000000000000000000000000000': 0 pak files mounted, 0 remain pending
[2019.03.28-23.08.16:567][  0]LogPakFile: Registered encryption key '00000000000000000000000000000000': 0 pak files mounted, 0 remain pending
[2019.03.28-23.08.16:568][  0]LogPakFile: Registered encryption key '00000000000000000000000000000000': 0 pak files mounted, 0 remain pending
[2019.03.28-23.08.16:568][  0]LogPakFile: Registered encryption key '00000000000000000000000000000000': 0 pak files mounted, 0 remain pending
[2019.03.28-23.08.16:569][  0]LogPakFile: Registered encryption key '00000000000000000000000000000000': 0 pak files mounted, 0 remain pending
[2019.03.28-23.08.16:569][  0]LogPakFile: Registered encryption key '00000000000000000000000000000000': 0 pak files mounted, 0 remain pending
[2019.03.28-23.08.16:570][  0]LogPakFile: Registered encryption key '00000000000000000000000000000000': 0 pak files mounted, 0 remain pending
[2019.03.28-23.08.16:570][  0]LogPakFile: Registered encryption key '00000000000000000000000000000000': 0 pak files mounted, 0 remain pending
[2019.03.28-23.08.16:571][  0]LogPakFile: Registered encryption key '00000000000000000000000000000000': 0 pak files mounted, 0 remain pending
[2019.03.28-23.08.16:571][  0]LogPakFile: Registered encryption key '00000000000000000000000000000000': 0 pak files mounted, 0 remain pending
[2019.03.28-23.08.16:572][  0]LogPakFile: Registered encryption key '00000000000000000000000000000000': 0 pak files mounted, 0 remain pending
[2019.03.28-23.08.16:572][  0]LogPakFile: Registered encryption key '00000000000000000000000000000000': 0 pak files mounted, 0 remain pending
[2019.03.28-23.08.16:573][  0]LogPakFile: Registered encryption key '00000000000000000000000000000000': 0 pak files mounted, 0 remain pending
[2019.03.28-23.08.16:573][  0]LogPakFile: Registered encryption key '00000000000000000000000000000000': 0 pak files mounted, 0 remain pending
[2019.03.28-23.08.16:574][  0]LogPakFile: Registered encryption key '00000000000000000000000000000000': 0 pak files mounted, 0 remain pending
[2019.03.28-23.08.16:574][  0]LogPakFile: Registered encryption key '00000000000000000000000000000000': 0 pak files mounted, 0 remain pending
[2019.03.28-23.08.16:574][  0]LogPakFile: Registered encryption key '00000000000000000000000000000000': 0 pak files mounted, 0 remain pending
[2019.03.28-23.08.16:575][  0]LogPakFile: Registered encryption key '00000000000000000000000000000000': 0 pak files mounted, 0 remain pending
[2019.03.28-23.08.16:575][  0]LogPakFile: Registered encryption key '00000000000000000000000000000000': 0 pak files mounted, 0 remain pending
[2019.03.28-23.08.16:576][  0]LogPakFile: Registered encryption key '00000000000000000000000000000000': 0 pak files mounted, 0 remain pending
[2019.03.28-23.08.16:577][  0]LogPakFile: Registered encryption key '00000000000000000000000000000000': 0 pak files mounted, 0 remain pending
[2019.03.28-23.08.16:577][  0]LogPakFile: Registered encryption key '00000000000000000000000000000000': 0 pak files mounted, 0 remain pending
[2019.03.28-23.08.16:578][  0]LogPakFile: Registered encryption key '00000000000000000000000000000000': 0 pak files mounted, 0 remain pending
[2019.03.28-23.08.16:578][  0]LogPakFile: Registered encryption key '00000000000000000000000000000000': 0 pak files mounted, 0 remain pending
[2019.03.28-23.08.16:658][  0]LogContentBrowser: Native class hierarchy updated for 'AddContentDialog' in 0.0003 seconds. Added 0 classes and 0 folders.
[2019.03.28-23.08.16:664][  0]LogContentBrowser: Native class hierarchy updated for 'SceneOutliner' in 0.0002 seconds. Added 1 classes and 2 folders.
[2019.03.28-23.08.16:679][  0]LogSlate: Took 0.000207 seconds to synchronously load lazily loaded font '../../../Engine/Content/Slate/Fonts/Roboto-Regular.ttf' (155K)
[2019.03.28-23.08.16:681][  0]LogSlate: Took 0.000165 seconds to synchronously load lazily loaded font '../../../Engine/Content/Slate/Fonts/Roboto-Bold.ttf' (160K)
[2019.03.28-23.08.16:687][  0]LogSlate: Took 0.000167 seconds to synchronously load lazily loaded font '../../../Engine/Content/Editor/Slate/Fonts/FontAwesome.ttf' (139K)
[2019.03.28-23.08.16:759][  0]LogRenderer: Reallocating scene render targets to support 1208x576 Format 10 NumSamples 1 (Frame:1).
[2019.03.28-23.08.16:928][  0]LogContentBrowser: Native class hierarchy updated for 'HierarchicalLODOutliner' in 0.0002 seconds. Added 0 classes and 0 folders.
[2019.03.28-23.08.16:928][  0]LogLoad: (Engine Initialization) Total time: 13.16 seconds
[2019.03.28-23.08.16:928][  0]LogLoad: (Engine Initialization) Total Blueprint compile time: 0.00 seconds
[2019.03.28-23.08.16:939][  0]LogWindowsTextInputMethodSystem: Display: IME system now deactivated.
[2019.03.28-23.08.16:991][  0]LogContentStreaming: Texture pool size now 1000 MB
[2019.03.28-23.08.17:008][  0]LogSlate: Took 0.000158 seconds to synchronously load lazily loaded font '../../../Engine/Content/Slate/Fonts/Roboto-Light.ttf' (167K)
[2019.03.28-23.08.17:025][  1]LogAssetRegistry: Asset discovery search completed in 6.3609 seconds
[2019.03.28-23.08.17:027][  1]LogCollectionManager: Rebuilt the object cache for 0 collections in 0.000000 seconds (found 0 objects)
[2019.03.28-23.08.17:027][  1]LogCollectionManager: Fixed up redirectors for 0 collections in 0.000051 seconds (updated 0 objects)
[2019.03.28-23.08.22:021][246]LogSlate: FSceneViewport::OnFocusLost() reason 0
[2019.03.28-23.08.23:418][300]LogSlate: Took 0.000213 seconds to synchronously load lazily loaded font '../../../Engine/Content/Slate/Fonts/Roboto-Light.ttf' (167K)
[2019.03.28-23.08.23:422][300]LogAssetEditorManager: Opening Asset editor for Blueprint /Game/2DSideScrollerBP/Blueprints/2DSideScrollerCharacter.2DSideScrollerCharacter
[2019.03.28-23.08.23:823][300]LogContentBrowser: Native class hierarchy updated for 'BlueprintGraph' in 0.0005 seconds. Added 117 classes and 0 folders.
[2019.03.28-23.08.24:551][300]LogSlate: Took 0.000171 seconds to synchronously load lazily loaded font '../../../Engine/Content/Slate/Fonts/Roboto-BoldCondensed.ttf' (158K)
[2019.03.28-23.08.24:675][301]LogSlate: Took 0.000225 seconds to synchronously load lazily loaded font '../../../Engine/Content/Slate/Fonts/Roboto-Italic.ttf' (157K)
[2019.03.28-23.11.02:515][929]LogEditorTransaction: Undo Delete current selection
[2019.03.28-23.11.03:068][945]LogEditorTransaction: Undo Move Node
[2019.03.28-23.11.03:528][961]LogEditorTransaction: Undo Add Node
[2019.03.28-23.11.04:029][977]LogEditorTransaction: Undo Delete current selection
[2019.03.28-23.11.35:057][435]LogSlate: Window '2DSideScrollerCharacter*' being destroyed
[2019.03.28-23.11.35:061][435]LogSlate: Window '2DSideScrollerCharacter*' being destroyed
[2019.03.28-23.11.36:589][502]LogTemp: Repeating last play command: Selected Viewport
[2019.03.28-23.11.36:605][502]LogBlueprintUserMessages: Early PlayInEditor Detection: Level '/Game/2DSideScrollerBP/Maps/2DSideScrollerExampleMap.2DSideScrollerExampleMap:PersistentLevel' has LevelScriptBlueprint '/Game/2DSideScrollerBP/Maps/2DSideScrollerExampleMap.2DSideScrollerExampleMap:PersistentLevel.2DSideScrollerExampleMap' with GeneratedClass '/Game/2DSideScrollerBP/Maps/2DSideScrollerExampleMap.2DSideScrollerExampleMap_C' with ClassGeneratedBy '/Game/2DSideScrollerBP/Maps/2DSideScrollerExampleMap.2DSideScrollerExampleMap:PersistentLevel.2DSideScrollerExampleMap'
[2019.03.28-23.11.36:605][502]BlueprintLog: New page: Pre-Play auto-recompile
[2019.03.28-23.11.36:616][502]LogPlayLevel: [PlayLevel] Compiling 2DSideScrollerCharacter before play...
[2019.03.28-23.11.36:868][502]LogPlayLevel: PlayLevel: Blueprint regeneration took 262 ms (1 blueprints)
[2019.03.28-23.11.36:868][502]PIE: New page: PIE session: 2DSideScrollerExampleMap (Mar 28, 2019, 1:11:36 PM)
[2019.03.28-23.11.36:880][502]LogPlayLevel: Creating play world package: /Game/2DSideScrollerBP/Maps/UEDPIE_0_2DSideScrollerExampleMap
[2019.03.28-23.11.36:883][502]LogPlayLevel: PIE: StaticDuplicateObject took: (0.002679s)
[2019.03.28-23.11.36:884][502]LogAIModule: Creating AISystem for world 2DSideScrollerExampleMap
[2019.03.28-23.11.36:884][502]LogPlayLevel: PIE: World Init took: (0.000574s)
[2019.03.28-23.11.36:884][502]LogPlayLevel: PIE: Created PIE world by copying editor world from /Game/2DSideScrollerBP/Maps/2DSideScrollerExampleMap.2DSideScrollerExampleMap to /Game/2DSideScrollerBP/Maps/UEDPIE_0_2DSideScrollerExampleMap.2DSideScrollerExampleMap (0.003533s)
[2019.03.28-23.11.36:938][502]LogInit: XAudio2 using 'Speakers / Headphones (Realtek High Definition Audio)' : 2 channels at 48 kHz using 32 bits per sample (channel mask 0x3)
[2019.03.28-23.11.36:964][502]LogInit: FAudioDevice initialized.
[2019.03.28-23.11.37:008][502]LogLoad: Game class is '2DSideScrollerGameMode_C'
[2019.03.28-23.11.37:010][502]LogWorld: Bringing World /Game/2DSideScrollerBP/Maps/UEDPIE_0_2DSideScrollerExampleMap.2DSideScrollerExampleMap up for play (max tick rate 0) at 2019.03.28-18.11.37
[2019.03.28-23.11.37:011][502]LogWorld: Bringing up level for play took: 0.001011
[2019.03.28-23.11.37:031][502]LogContentBrowser: Native class hierarchy updated for 'MovieSceneCapture' in 0.0004 seconds. Added 20 classes and 0 folders.
[2019.03.28-23.11.37:032][502]PIE: Play in editor start time for /Game/2DSideScrollerBP/Maps/UEDPIE_0_2DSideScrollerExampleMap -0.182
[2019.03.28-23.11.37:032][502]LogBlueprintUserMessages: Late PlayInEditor Detection: Level '/Game/2DSideScrollerBP/Maps/2DSideScrollerExampleMap.2DSideScrollerExampleMap:PersistentLevel' has LevelScriptBlueprint '/Game/2DSideScrollerBP/Maps/2DSideScrollerExampleMap.2DSideScrollerExampleMap:PersistentLevel.2DSideScrollerExampleMap' with GeneratedClass '/Game/2DSideScrollerBP/Maps/2DSideScrollerExampleMap.2DSideScrollerExampleMap_C' with ClassGeneratedBy '/Game/2DSideScrollerBP/Maps/2DSideScrollerExampleMap.2DSideScrollerExampleMap:PersistentLevel.2DSideScrollerExampleMap'
[2019.03.28-23.11.38:934][626]LogCharacter: 2DSideScrollerCharacter_254 is trying to crouch, but crouching is disabled on this character! (check CharacterMovement NavAgentSettings)
[2019.03.28-23.11.39:691][676]LogCharacter: 2DSideScrollerCharacter_254 is trying to crouch, but crouching is disabled on this character! (check CharacterMovement NavAgentSettings)
[2019.03.28-23.11.41:380][787]LogCharacter: 2DSideScrollerCharacter_254 is trying to crouch, but crouching is disabled on this character! (check CharacterMovement NavAgentSettings)
[2019.03.28-23.11.41:580][800]LogCharacter: 2DSideScrollerCharacter_254 is trying to crouch, but crouching is disabled on this character! (check CharacterMovement NavAgentSettings)
[2019.03.28-23.11.45:752][ 73]LogCharacter: 2DSideScrollerCharacter_254 is trying to crouch, but crouching is disabled on this character! (check CharacterMovement NavAgentSettings)
[2019.03.28-23.11.45:980][ 88]LogCharacter: 2DSideScrollerCharacter_254 is trying to crouch, but crouching is disabled on this character! (check CharacterMovement NavAgentSettings)
[2019.03.28-23.11.46:662][133]LogBlueprintUserMessages: Early EndPlayMap Detection: Level '/Game/2DSideScrollerBP/Maps/2DSideScrollerExampleMap.2DSideScrollerExampleMap:PersistentLevel' has LevelScriptBlueprint '/Game/2DSideScrollerBP/Maps/2DSideScrollerExampleMap.2DSideScrollerExampleMap:PersistentLevel.2DSideScrollerExampleMap' with GeneratedClass '/Game/2DSideScrollerBP/Maps/2DSideScrollerExampleMap.2DSideScrollerExampleMap_C' with ClassGeneratedBy '/Game/2DSideScrollerBP/Maps/2DSideScrollerExampleMap.2DSideScrollerExampleMap:PersistentLevel.2DSideScrollerExampleMap'
[2019.03.28-23.11.46:662][133]LogSlate: Updating window title bar state: overlay mode, drag disabled, window buttons hidden, title bar hidden
[2019.03.28-23.11.46:709][133]LogPlayLevel: Display: Shutting down PIE online subsystems
[2019.03.28-23.11.46:709][133]LogBlueprintUserMessages: Late EndPlayMap Detection: Level '/Game/2DSideScrollerBP/Maps/2DSideScrollerExampleMap.2DSideScrollerExampleMap:PersistentLevel' has LevelScriptBlueprint '/Game/2DSideScrollerBP/Maps/2DSideScrollerExampleMap.2DSideScrollerExampleMap:PersistentLevel.2DSideScrollerExampleMap' with GeneratedClass '/Game/2DSideScrollerBP/Maps/2DSideScrollerExampleMap.2DSideScrollerExampleMap_C' with ClassGeneratedBy '/Game/2DSideScrollerBP/Maps/2DSideScrollerExampleMap.2DSideScrollerExampleMap:PersistentLevel.2DSideScrollerExampleMap'
[2019.03.28-23.11.46:738][133]LogSlate: Updating window title bar state: overlay mode, drag disabled, window buttons hidden, title bar hidden
[2019.03.28-23.11.46:768][134]LogPlayLevel: Display: Destroying online subsystem :Context_3
[2019.03.28-23.11.49:624][276]LogSlate: FSceneViewport::OnFocusLost() reason 0
[2019.03.28-23.11.49:769][281]LogAssetEditorManager: Opening Asset editor for Blueprint /Game/2DSideScrollerBP/Blueprints/2DSideScrollerCharacter.2DSideScrollerCharacter
[2019.03.28-23.11.53:702][441]BlueprintLog: New page: Compile 2DSideScrollerCharacter
[2019.03.28-23.11.55:499][509]LogTemp: Repeating last play command: Selected Viewport
[2019.03.28-23.11.55:518][509]LogBlueprintUserMessages: Early PlayInEditor Detection: Level '/Game/2DSideScrollerBP/Maps/2DSideScrollerExampleMap.2DSideScrollerExampleMap:PersistentLevel' has LevelScriptBlueprint '/Game/2DSideScrollerBP/Maps/2DSideScrollerExampleMap.2DSideScrollerExampleMap:PersistentLevel.2DSideScrollerExampleMap' with GeneratedClass '/Game/2DSideScrollerBP/Maps/2DSideScrollerExampleMap.2DSideScrollerExampleMap_C' with ClassGeneratedBy '/Game/2DSideScrollerBP/Maps/2DSideScrollerExampleMap.2DSideScrollerExampleMap:PersistentLevel.2DSideScrollerExampleMap'
[2019.03.28-23.11.55:518][509]LogPlayLevel: PlayLevel: No blueprints needed recompiling
[2019.03.28-23.11.55:518][509]PIE: New page: PIE session: 2DSideScrollerExampleMap (Mar 28, 2019, 1:11:55 PM)
[2019.03.28-23.11.55:518][509]LogPlayLevel: Creating play world package: /Game/2DSideScrollerBP/Maps/UEDPIE_0_2DSideScrollerExampleMap
[2019.03.28-23.11.55:521][509]LogPlayLevel: PIE: StaticDuplicateObject took: (0.002640s)
[2019.03.28-23.11.55:521][509]LogAIModule: Creating AISystem for world 2DSideScrollerExampleMap
[2019.03.28-23.11.55:522][509]LogPlayLevel: PIE: World Init took: (0.000732s)
[2019.03.28-23.11.55:522][509]LogPlayLevel: PIE: Created PIE world by copying editor world from /Game/2DSideScrollerBP/Maps/2DSideScrollerExampleMap.2DSideScrollerExampleMap to /Game/2DSideScrollerBP/Maps/UEDPIE_0_2DSideScrollerExampleMap.2DSideScrollerExampleMap (0.003485s)
[2019.03.28-23.11.55:550][509]LogInit: XAudio2 using 'Speakers / Headphones (Realtek High Definition Audio)' : 2 channels at 48 kHz using 32 bits per sample (channel mask 0x3)
[2019.03.28-23.11.55:574][509]LogInit: FAudioDevice initialized.
[2019.03.28-23.11.55:608][509]LogLoad: Game class is '2DSideScrollerGameMode_C'
[2019.03.28-23.11.55:609][509]LogWorld: Bringing World /Game/2DSideScrollerBP/Maps/UEDPIE_0_2DSideScrollerExampleMap.2DSideScrollerExampleMap up for play (max tick rate 0) at 2019.03.28-18.11.55
[2019.03.28-23.11.55:609][509]LogWorld: Bringing up level for play took: 0.000998
[2019.03.28-23.11.55:622][509]PIE: Play in editor start time for /Game/2DSideScrollerBP/Maps/UEDPIE_0_2DSideScrollerExampleMap 0.408
[2019.03.28-23.11.55:622][509]LogBlueprintUserMessages: Late PlayInEditor Detection: Level '/Game/2DSideScrollerBP/Maps/2DSideScrollerExampleMap.2DSideScrollerExampleMap:PersistentLevel' has LevelScriptBlueprint '/Game/2DSideScrollerBP/Maps/2DSideScrollerExampleMap.2DSideScrollerExampleMap:PersistentLevel.2DSideScrollerExampleMap' with GeneratedClass '/Game/2DSideScrollerBP/Maps/2DSideScrollerExampleMap.2DSideScrollerExampleMap_C' with ClassGeneratedBy '/Game/2DSideScrollerBP/Maps/2DSideScrollerExampleMap.2DSideScrollerExampleMap:PersistentLevel.2DSideScrollerExampleMap'
[2019.03.28-23.11.57:073][590]LogBlueprintUserMessages: Early EndPlayMap Detection: Level '/Game/2DSideScrollerBP/Maps/2DSideScrollerExampleMap.2DSideScrollerExampleMap:PersistentLevel' has LevelScriptBlueprint '/Game/2DSideScrollerBP/Maps/2DSideScrollerExampleMap.2DSideScrollerExampleMap:PersistentLevel.2DSideScrollerExampleMap' with GeneratedClass '/Game/2DSideScrollerBP/Maps/2DSideScrollerExampleMap.2DSideScrollerExampleMap_C' with ClassGeneratedBy '/Game/2DSideScrollerBP/Maps/2DSideScrollerExampleMap.2DSideScrollerExampleMap:PersistentLevel.2DSideScrollerExampleMap'
[2019.03.28-23.11.57:073][590]LogSlate: Updating window title bar state: overlay mode, drag disabled, window buttons hidden, title bar hidden
[2019.03.28-23.11.57:114][590]LogPlayLevel: Display: Shutting down PIE online subsystems
[2019.03.28-23.11.57:114][590]LogBlueprintUserMessages: Late EndPlayMap Detection: Level '/Game/2DSideScrollerBP/Maps/2DSideScrollerExampleMap.2DSideScrollerExampleMap:PersistentLevel' has LevelScriptBlueprint '/Game/2DSideScrollerBP/Maps/2DSideScrollerExampleMap.2DSideScrollerExampleMap:PersistentLevel.2DSideScrollerExampleMap' with GeneratedClass '/Game/2DSideScrollerBP/Maps/2DSideScrollerExampleMap.2DSideScrollerExampleMap_C' with ClassGeneratedBy '/Game/2DSideScrollerBP/Maps/2DSideScrollerExampleMap.2DSideScrollerExampleMap:PersistentLevel.2DSideScrollerExampleMap'
[2019.03.28-23.11.57:139][590]LogSlate: Updating window title bar state: overlay mode, drag disabled, window buttons hidden, title bar hidden
[2019.03.28-23.11.57:209][591]LogPlayLevel: Display: Destroying online subsystem :Context_5
[2019.03.28-23.12.13:214][477]BlueprintLog: New page: Compile 2DSideScrollerCharacter
[2019.03.28-23.12.23:988][972]LogTemp: Repeating last play command: Selected Viewport
[2019.03.28-23.12.24:009][972]LogBlueprintUserMessages: Early PlayInEditor Detection: Level '/Game/2DSideScrollerBP/Maps/2DSideScrollerExampleMap.2DSideScrollerExampleMap:PersistentLevel' has LevelScriptBlueprint '/Game/2DSideScrollerBP/Maps/2DSideScrollerExampleMap.2DSideScrollerExampleMap:PersistentLevel.2DSideScrollerExampleMap' with GeneratedClass '/Game/2DSideScrollerBP/Maps/2DSideScrollerExampleMap.2DSideScrollerExampleMap_C' with ClassGeneratedBy '/Game/2DSideScrollerBP/Maps/2DSideScrollerExampleMap.2DSideScrollerExampleMap:PersistentLevel.2DSideScrollerExampleMap'
[2019.03.28-23.12.24:009][972]LogPlayLevel: PlayLevel: No blueprints needed recompiling
[2019.03.28-23.12.24:009][972]PIE: New page: PIE session: 2DSideScrollerExampleMap (Mar 28, 2019, 1:12:24 PM)
[2019.03.28-23.12.24:009][972]LogPlayLevel: Creating play world package: /Game/2DSideScrollerBP/Maps/UEDPIE_0_2DSideScrollerExampleMap
[2019.03.28-23.12.24:012][972]LogPlayLevel: PIE: StaticDuplicateObject took: (0.002626s)
[2019.03.28-23.12.24:012][972]LogAIModule: Creating AISystem for world 2DSideScrollerExampleMap
[2019.03.28-23.12.24:012][972]LogPlayLevel: PIE: World Init took: (0.000551s)
[2019.03.28-23.12.24:012][972]LogPlayLevel: PIE: Created PIE world by copying editor world from /Game/2DSideScrollerBP/Maps/2DSideScrollerExampleMap.2DSideScrollerExampleMap to /Game/2DSideScrollerBP/Maps/UEDPIE_0_2DSideScrollerExampleMap.2DSideScrollerExampleMap (0.003321s)
[2019.03.28-23.12.24:038][972]LogInit: XAudio2 using 'Speakers / Headphones (Realtek High Definition Audio)' : 2 channels at 48 kHz using 32 bits per sample (channel mask 0x3)
[2019.03.28-23.12.24:062][972]LogInit: FAudioDevice initialized.
[2019.03.28-23.12.24:094][972]LogLoad: Game class is '2DSideScrollerGameMode_C'
[2019.03.28-23.12.24:095][972]LogWorld: Bringing World /Game/2DSideScrollerBP/Maps/UEDPIE_0_2DSideScrollerExampleMap.2DSideScrollerExampleMap up for play (max tick rate 0) at 2019.03.28-18.12.24
[2019.03.28-23.12.24:095][972]LogWorld: Bringing up level for play took: 0.000943
[2019.03.28-23.12.24:108][972]PIE: Play in editor start time for /Game/2DSideScrollerBP/Maps/UEDPIE_0_2DSideScrollerExampleMap 0.893
[2019.03.28-23.12.24:108][972]LogBlueprintUserMessages: Late PlayInEditor Detection: Level '/Game/2DSideScrollerBP/Maps/2DSideScrollerExampleMap.2DSideScrollerExampleMap:PersistentLevel' has LevelScriptBlueprint '/Game/2DSideScrollerBP/Maps/2DSideScrollerExampleMap.2DSideScrollerExampleMap:PersistentLevel.2DSideScrollerExampleMap' with GeneratedClass '/Game/2DSideScrollerBP/Maps/2DSideScrollerExampleMap.2DSideScrollerExampleMap_C' with ClassGeneratedBy '/Game/2DSideScrollerBP/Maps/2DSideScrollerExampleMap.2DSideScrollerExampleMap:PersistentLevel.2DSideScrollerExampleMap'
[2019.03.28-23.12.25:209][ 44]LogCharacter: 2DSideScrollerCharacter_254 is trying to crouch, but crouching is disabled on this character! (check CharacterMovement NavAgentSettings)
[2019.03.28-23.12.29:768][343]LogCharacter: 2DSideScrollerCharacter_254 is trying to crouch, but crouching is disabled on this character! (check CharacterMovement NavAgentSettings)
[2019.03.28-23.12.38:473][913]LogCharacter: 2DSideScrollerCharacter_254 is trying to crouch, but crouching is disabled on this character! (check CharacterMovement NavAgentSettings)
[2019.03.28-23.12.39:923][  8]LogCharacter: 2DSideScrollerCharacter_254 is trying to crouch, but crouching is disabled on this character! (check CharacterMovement NavAgentSettings)
[2019.03.28-23.12.40:331][ 35]LogCharacter: 2DSideScrollerCharacter_254 is trying to crouch, but crouching is disabled on this character! (check CharacterMovement NavAgentSettings)
[2019.03.28-23.12.40:514][ 47]LogCharacter: 2DSideScrollerCharacter_254 is trying to crouch, but crouching is disabled on this character! (check CharacterMovement NavAgentSettings)
[2019.03.28-23.12.40:908][ 73]LogBlueprintUserMessages: Early EndPlayMap Detection: Level '/Game/2DSideScrollerBP/Maps/2DSideScrollerExampleMap.2DSideScrollerExampleMap:PersistentLevel' has LevelScriptBlueprint '/Game/2DSideScrollerBP/Maps/2DSideScrollerExampleMap.2DSideScrollerExampleMap:PersistentLevel.2DSideScrollerExampleMap' with GeneratedClass '/Game/2DSideScrollerBP/Maps/2DSideScrollerExampleMap.2DSideScrollerExampleMap_C' with ClassGeneratedBy '/Game/2DSideScrollerBP/Maps/2DSideScrollerExampleMap.2DSideScrollerExampleMap:PersistentLevel.2DSideScrollerExampleMap'
[2019.03.28-23.12.40:908][ 73]LogSlate: Updating window title bar state: overlay mode, drag disabled, window buttons hidden, title bar hidden
[2019.03.28-23.12.40:953][ 73]LogPlayLevel: Display: Shutting down PIE online subsystems
[2019.03.28-23.12.40:954][ 73]LogBlueprintUserMessages: Late EndPlayMap Detection: Level '/Game/2DSideScrollerBP/Maps/2DSideScrollerExampleMap.2DSideScrollerExampleMap:PersistentLevel' has LevelScriptBlueprint '/Game/2DSideScrollerBP/Maps/2DSideScrollerExampleMap.2DSideScrollerExampleMap:PersistentLevel.2DSideScrollerExampleMap' with GeneratedClass '/Game/2DSideScrollerBP/Maps/2DSideScrollerExampleMap.2DSideScrollerExampleMap_C' with ClassGeneratedBy '/Game/2DSideScrollerBP/Maps/2DSideScrollerExampleMap.2DSideScrollerExampleMap:PersistentLevel.2DSideScrollerExampleMap'
[2019.03.28-23.12.40:981][ 73]LogSlate: Updating window title bar state: overlay mode, drag disabled, window buttons hidden, title bar hidden
[2019.03.28-23.12.41:011][ 74]LogPlayLevel: Display: Destroying online subsystem :Context_6
[2019.03.28-23.12.41:218][ 86]Cmd: SELECT NONE
[2019.03.28-23.12.45:075][276]LogSlate: FSceneViewport::OnFocusLost() reason 0
[2019.03.28-23.12.45:157][280]LogTemp: Repeating last play command: Selected Viewport
[2019.03.28-23.12.45:166][280]LogBlueprintUserMessages: Early PlayInEditor Detection: Level '/Game/2DSideScrollerBP/Maps/2DSideScrollerExampleMap.2DSideScrollerExampleMap:PersistentLevel' has LevelScriptBlueprint '/Game/2DSideScrollerBP/Maps/2DSideScrollerExampleMap.2DSideScrollerExampleMap:PersistentLevel.2DSideScrollerExampleMap' with GeneratedClass '/Game/2DSideScrollerBP/Maps/2DSideScrollerExampleMap.2DSideScrollerExampleMap_C' with ClassGeneratedBy '/Game/2DSideScrollerBP/Maps/2DSideScrollerExampleMap.2DSideScrollerExampleMap:PersistentLevel.2DSideScrollerExampleMap'
[2019.03.28-23.12.45:166][280]LogPlayLevel: PlayLevel: No blueprints needed recompiling
[2019.03.28-23.12.45:166][280]PIE: New page: PIE session: 2DSideScrollerExampleMap (Mar 28, 2019, 1:12:45 PM)
[2019.03.28-23.12.45:167][280]LogPlayLevel: Creating play world package: /Game/2DSideScrollerBP/Maps/UEDPIE_0_2DSideScrollerExampleMap
[2019.03.28-23.12.45:170][280]LogPlayLevel: PIE: StaticDuplicateObject took: (0.003599s)
[2019.03.28-23.12.45:171][280]LogAIModule: Creating AISystem for world 2DSideScrollerExampleMap
[2019.03.28-23.12.45:171][280]LogPlayLevel: PIE: World Init took: (0.000660s)
[2019.03.28-23.12.45:171][280]LogPlayLevel: PIE: Created PIE world by copying editor world from /Game/2DSideScrollerBP/Maps/2DSideScrollerExampleMap.2DSideScrollerExampleMap to /Game/2DSideScrollerBP/Maps/UEDPIE_0_2DSideScrollerExampleMap.2DSideScrollerExampleMap (0.004418s)
[2019.03.28-23.12.45:201][280]LogInit: XAudio2 using 'Speakers / Headphones (Realtek High Definition Audio)' : 2 channels at 48 kHz using 32 bits per sample (channel mask 0x3)
[2019.03.28-23.12.45:226][280]LogInit: FAudioDevice initialized.
[2019.03.28-23.12.45:264][280]LogLoad: Game class is '2DSideScrollerGameMode_C'
[2019.03.28-23.12.45:266][280]LogWorld: Bringing World /Game/2DSideScrollerBP/Maps/UEDPIE_0_2DSideScrollerExampleMap.2DSideScrollerExampleMap up for play (max tick rate 0) at 2019.03.28-18.12.45
[2019.03.28-23.12.45:266][280]LogWorld: Bringing up level for play took: 0.000953
[2019.03.28-23.12.45:278][280]PIE: Play in editor start time for /Game/2DSideScrollerBP/Maps/UEDPIE_0_2DSideScrollerExampleMap 0.062
[2019.03.28-23.12.45:278][280]LogBlueprintUserMessages: Late PlayInEditor Detection: Level '/Game/2DSideScrollerBP/Maps/2DSideScrollerExampleMap.2DSideScrollerExampleMap:PersistentLevel' has LevelScriptBlueprint '/Game/2DSideScrollerBP/Maps/2DSideScrollerExampleMap.2DSideScrollerExampleMap:PersistentLevel.2DSideScrollerExampleMap' with GeneratedClass '/Game/2DSideScrollerBP/Maps/2DSideScrollerExampleMap.2DSideScrollerExampleMap_C' with ClassGeneratedBy '/Game/2DSideScrollerBP/Maps/2DSideScrollerExampleMap.2DSideScrollerExampleMap:PersistentLevel.2DSideScrollerExampleMap'
[2019.03.28-23.12.45:954][324]LogBlueprintUserMessages: Early EndPlayMap Detection: Level '/Game/2DSideScrollerBP/Maps/2DSideScrollerExampleMap.2DSideScrollerExampleMap:PersistentLevel' has LevelScriptBlueprint '/Game/2DSideScrollerBP/Maps/2DSideScrollerExampleMap.2DSideScrollerExampleMap:PersistentLevel.2DSideScrollerExampleMap' with GeneratedClass '/Game/2DSideScrollerBP/Maps/2DSideScrollerExampleMap.2DSideScrollerExampleMap_C' with ClassGeneratedBy '/Game/2DSideScrollerBP/Maps/2DSideScrollerExampleMap.2DSideScrollerExampleMap:PersistentLevel.2DSideScrollerExampleMap'
[2019.03.28-23.12.45:955][324]LogSlate: Updating window title bar state: overlay mode, drag disabled, window buttons hidden, title bar hidden
[2019.03.28-23.12.46:002][324]LogPlayLevel: Display: Shutting down PIE online subsystems
[2019.03.28-23.12.46:003][324]LogBlueprintUserMessages: Late EndPlayMap Detection: Level '/Game/2DSideScrollerBP/Maps/2DSideScrollerExampleMap.2DSideScrollerExampleMap:PersistentLevel' has LevelScriptBlueprint '/Game/2DSideScrollerBP/Maps/2DSideScrollerExampleMap.2DSideScrollerExampleMap:PersistentLevel.2DSideScrollerExampleMap' with GeneratedClass '/Game/2DSideScrollerBP/Maps/2DSideScrollerExampleMap.2DSideScrollerExampleMap_C' with ClassGeneratedBy '/Game/2DSideScrollerBP/Maps/2DSideScrollerExampleMap.2DSideScrollerExampleMap:PersistentLevel.2DSideScrollerExampleMap'
[2019.03.28-23.12.46:027][324]LogSlate: Updating window title bar state: overlay mode, drag disabled, window buttons hidden, title bar hidden
[2019.03.28-23.12.46:057][327]LogPlayLevel: Display: Destroying online subsystem :Context_7
[2019.03.28-23.13.36:631][650]BlueprintLog: New page: Compile 2DSideScrollerCharacter
[2019.03.28-23.13.39:808][794]LogTemp: Repeating last play command: Selected Viewport
[2019.03.28-23.13.39:830][794]LogBlueprintUserMessages: Early PlayInEditor Detection: Level '/Game/2DSideScrollerBP/Maps/2DSideScrollerExampleMap.2DSideScrollerExampleMap:PersistentLevel' has LevelScriptBlueprint '/Game/2DSideScrollerBP/Maps/2DSideScrollerExampleMap.2DSideScrollerExampleMap:PersistentLevel.2DSideScrollerExampleMap' with GeneratedClass '/Game/2DSideScrollerBP/Maps/2DSideScrollerExampleMap.2DSideScrollerExampleMap_C' with ClassGeneratedBy '/Game/2DSideScrollerBP/Maps/2DSideScrollerExampleMap.2DSideScrollerExampleMap:PersistentLevel.2DSideScrollerExampleMap'
[2019.03.28-23.13.39:830][794]LogPlayLevel: PlayLevel: No blueprints needed recompiling
[2019.03.28-23.13.39:830][794]PIE: New page: PIE session: 2DSideScrollerExampleMap (Mar 28, 2019, 1:13:39 PM)
[2019.03.28-23.13.39:830][794]LogPlayLevel: Creating play world package: /Game/2DSideScrollerBP/Maps/UEDPIE_0_2DSideScrollerExampleMap
[2019.03.28-23.13.39:833][794]LogPlayLevel: PIE: StaticDuplicateObject took: (0.002546s)
[2019.03.28-23.13.39:833][794]LogAIModule: Creating AISystem for world 2DSideScrollerExampleMap
[2019.03.28-23.13.39:834][794]LogPlayLevel: PIE: World Init took: (0.000654s)
[2019.03.28-23.13.39:834][794]LogPlayLevel: PIE: Created PIE world by copying editor world from /Game/2DSideScrollerBP/Maps/2DSideScrollerExampleMap.2DSideScrollerExampleMap to /Game/2DSideScrollerBP/Maps/UEDPIE_0_2DSideScrollerExampleMap.2DSideScrollerExampleMap (0.003319s)
[2019.03.28-23.13.39:860][794]LogInit: XAudio2 using 'Speakers / Headphones (Realtek High Definition Audio)' : 2 channels at 48 kHz using 32 bits per sample (channel mask 0x3)
[2019.03.28-23.13.39:884][794]LogInit: FAudioDevice initialized.
[2019.03.28-23.13.39:914][794]LogLoad: Game class is '2DSideScrollerGameMode_C'
[2019.03.28-23.13.39:915][794]LogWorld: Bringing World /Game/2DSideScrollerBP/Maps/UEDPIE_0_2DSideScrollerExampleMap.2DSideScrollerExampleMap up for play (max tick rate 0) at 2019.03.28-18.13.39
[2019.03.28-23.13.39:915][794]LogWorld: Bringing up level for play took: 0.000953
[2019.03.28-23.13.39:929][794]PIE: Play in editor start time for /Game/2DSideScrollerBP/Maps/UEDPIE_0_2DSideScrollerExampleMap 0.712
[2019.03.28-23.13.39:929][794]LogBlueprintUserMessages: Late PlayInEditor Detection: Level '/Game/2DSideScrollerBP/Maps/2DSideScrollerExampleMap.2DSideScrollerExampleMap:PersistentLevel' has LevelScriptBlueprint '/Game/2DSideScrollerBP/Maps/2DSideScrollerExampleMap.2DSideScrollerExampleMap:PersistentLevel.2DSideScrollerExampleMap' with GeneratedClass '/Game/2DSideScrollerBP/Maps/2DSideScrollerExampleMap.2DSideScrollerExampleMap_C' with ClassGeneratedBy '/Game/2DSideScrollerBP/Maps/2DSideScrollerExampleMap.2DSideScrollerExampleMap:PersistentLevel.2DSideScrollerExampleMap'
[2019.03.28-23.13.40:970][862]LogCharacter: 2DSideScrollerCharacter_254 is trying to crouch, but crouching is disabled on this character! (check CharacterMovement NavAgentSettings)
[2019.03.28-23.13.41:184][876]LogCharacter: 2DSideScrollerCharacter_254 is trying to crouch, but crouching is disabled on this character! (check CharacterMovement NavAgentSettings)
[2019.03.28-23.13.41:354][887]LogCharacter: 2DSideScrollerCharacter_254 is trying to crouch, but crouching is disabled on this character! (check CharacterMovement NavAgentSettings)
[2019.03.28-23.13.44:023][ 62]LogCharacter: 2DSideScrollerCharacter_254 is trying to crouch, but crouching is disabled on this character! (check CharacterMovement NavAgentSettings)
[2019.03.28-23.13.45:420][154]LogCharacter: 2DSideScrollerCharacter_254 is trying to crouch, but crouching is disabled on this character! (check CharacterMovement NavAgentSettings)
[2019.03.28-23.13.46:563][229]LogCharacter: 2DSideScrollerCharacter_254 is trying to crouch, but crouching is disabled on this character! (check CharacterMovement NavAgentSettings)
[2019.03.28-23.13.46:824][246]LogCharacter: 2DSideScrollerCharacter_254 is trying to crouch, but crouching is disabled on this character! (check CharacterMovement NavAgentSettings)
[2019.03.28-23.13.47:174][269]LogCharacter: 2DSideScrollerCharacter_254 is trying to crouch, but crouching is disabled on this character! (check CharacterMovement NavAgentSettings)
[2019.03.28-23.13.48:182][335]LogCharacter: 2DSideScrollerCharacter_254 is trying to crouch, but crouching is disabled on this character! (check CharacterMovement NavAgentSettings)
[2019.03.28-23.13.49:726][436]LogCharacter: 2DSideScrollerCharacter_254 is trying to crouch, but crouching is disabled on this character! (check CharacterMovement NavAgentSettings)
[2019.03.28-23.13.49:956][451]LogCharacter: 2DSideScrollerCharacter_254 is trying to crouch, but crouching is disabled on this character! (check CharacterMovement NavAgentSettings)
[2019.03.28-23.13.50:170][465]LogCharacter: 2DSideScrollerCharacter_254 is trying to crouch, but crouching is disabled on this character! (check CharacterMovement NavAgentSettings)
[2019.03.28-23.13.50:307][474]LogCharacter: 2DSideScrollerCharacter_254 is trying to crouch, but crouching is disabled on this character! (check CharacterMovement NavAgentSettings)
[2019.03.28-23.13.50:443][483]LogCharacter: 2DSideScrollerCharacter_254 is trying to crouch, but crouching is disabled on this character! (check CharacterMovement NavAgentSettings)
[2019.03.28-23.13.50:595][493]LogCharacter: 2DSideScrollerCharacter_254 is trying to crouch, but crouching is disabled on this character! (check CharacterMovement NavAgentSettings)
[2019.03.28-23.13.50:731][502]LogCharacter: 2DSideScrollerCharacter_254 is trying to crouch, but crouching is disabled on this character! (check CharacterMovement NavAgentSettings)
[2019.03.28-23.13.59:607][ 87]LogBlueprintUserMessages: Early EndPlayMap Detection: Level '/Game/2DSideScrollerBP/Maps/2DSideScrollerExampleMap.2DSideScrollerExampleMap:PersistentLevel' has LevelScriptBlueprint '/Game/2DSideScrollerBP/Maps/2DSideScrollerExampleMap.2DSideScrollerExampleMap:PersistentLevel.2DSideScrollerExampleMap' with GeneratedClass '/Game/2DSideScrollerBP/Maps/2DSideScrollerExampleMap.2DSideScrollerExampleMap_C' with ClassGeneratedBy '/Game/2DSideScrollerBP/Maps/2DSideScrollerExampleMap.2DSideScrollerExampleMap:PersistentLevel.2DSideScrollerExampleMap'
[2019.03.28-23.13.59:607][ 87]LogSlate: Updating window title bar state: overlay mode, drag disabled, window buttons hidden, title bar hidden
[2019.03.28-23.13.59:651][ 87]LogPlayLevel: Display: Shutting down PIE online subsystems
[2019.03.28-23.13.59:651][ 87]LogBlueprintUserMessages: Late EndPlayMap Detection: Level '/Game/2DSideScrollerBP/Maps/2DSideScrollerExampleMap.2DSideScrollerExampleMap:PersistentLevel' has LevelScriptBlueprint '/Game/2DSideScrollerBP/Maps/2DSideScrollerExampleMap.2DSideScrollerExampleMap:PersistentLevel.2DSideScrollerExampleMap' with GeneratedClass '/Game/2DSideScrollerBP/Maps/2DSideScrollerExampleMap.2DSideScrollerExampleMap_C' with ClassGeneratedBy '/Game/2DSideScrollerBP/Maps/2DSideScrollerExampleMap.2DSideScrollerExampleMap:PersistentLevel.2DSideScrollerExampleMap'
[2019.03.28-23.13.59:678][ 87]LogSlate: Updating window title bar state: overlay mode, drag disabled, window buttons hidden, title bar hidden
[2019.03.28-23.13.59:714][ 89]LogPlayLevel: Display: Destroying online subsystem :Context_8
